{"C:\\Users\\Usuario\\Documents\\Programación Web II\\Segunda Convocatoria\\Practicas\\Practica_Final\\PRG_WEB_FINAL\\src\\app.js": {"path":"C:\\Users\\Usuario\\Documents\\Programación Web II\\Segunda Convocatoria\\Practicas\\Practica_Final\\PRG_WEB_FINAL\\src\\app.js","statementMap":{"0":{"start":{"line":11,"column":12},"end":{"line":11,"column":21}},"1":{"start":{"line":13,"column":0},"end":{"line":13,"column":18}},"2":{"start":{"line":14,"column":0},"end":{"line":14,"column":21}},"3":{"start":{"line":16,"column":0},"end":{"line":16,"column":24}},"4":{"start":{"line":17,"column":0},"end":{"line":17,"column":48}},"5":{"start":{"line":19,"column":0},"end":{"line":19,"column":18}},"6":{"start":{"line":21,"column":0},"end":{"line":21,"column":47}},"7":{"start":{"line":22,"column":0},"end":{"line":22,"column":68}},"8":{"start":{"line":24,"column":0},"end":{"line":26,"column":3}},"9":{"start":{"line":25,"column":2},"end":{"line":25,"column":74}},"10":{"start":{"line":28,"column":0},"end":{"line":35,"column":3}},"11":{"start":{"line":29,"column":2},"end":{"line":34,"column":5}},"12":{"start":{"line":37,"column":0},"end":{"line":37,"column":24}},"13":{"start":{"line":39,"column":0},"end":{"line":39,"column":18}},"14":{"start":{"line":40,"column":0},"end":{"line":40,"column":22}}},"fnMap":{"0":{"name":"(anonymous_0)","decl":{"start":{"line":24,"column":13},"end":{"line":24,"column":14}},"loc":{"start":{"line":24,"column":27},"end":{"line":26,"column":1}},"line":24},"1":{"name":"(anonymous_1)","decl":{"start":{"line":28,"column":19},"end":{"line":28,"column":20}},"loc":{"start":{"line":28,"column":33},"end":{"line":35,"column":1}},"line":28}},"branchMap":{"0":{"loc":{"start":{"line":31,"column":8},"end":{"line":31,"column":75}},"type":"cond-expr","locations":[{"start":{"line":31,"column":47},"end":{"line":31,"column":58}},{"start":{"line":31,"column":61},"end":{"line":31,"column":75}}],"line":31}},"s":{"0":4,"1":4,"2":4,"3":4,"4":4,"5":4,"6":4,"7":4,"8":4,"9":0,"10":4,"11":0,"12":4,"13":4,"14":4},"f":{"0":0,"1":0},"b":{"0":[0,0]},"inputSourceMap":null,"_coverageSchema":"1a1c01bbd47fc00a2c39e90264f33305004495a9","hash":"ae591826c3f3719091119e618b076319f1160efc"}
,"C:\\Users\\Usuario\\Documents\\Programación Web II\\Segunda Convocatoria\\Practicas\\Practica_Final\\PRG_WEB_FINAL\\src\\config\\database.js": {"path":"C:\\Users\\Usuario\\Documents\\Programación Web II\\Segunda Convocatoria\\Practicas\\Practica_Final\\PRG_WEB_FINAL\\src\\config\\database.js","statementMap":{"0":{"start":{"line":3,"column":18},"end":{"line":13,"column":1}},"1":{"start":{"line":4,"column":16},"end":{"line":4,"column":87}},"2":{"start":{"line":6,"column":2},"end":{"line":8,"column":3}},"3":{"start":{"line":7,"column":4},"end":{"line":7,"column":102}},"4":{"start":{"line":10,"column":2},"end":{"line":10,"column":32}},"5":{"start":{"line":12,"column":2},"end":{"line":12,"column":49}}},"fnMap":{"0":{"name":"(anonymous_0)","decl":{"start":{"line":3,"column":18},"end":{"line":3,"column":19}},"loc":{"start":{"line":3,"column":30},"end":{"line":13,"column":1}},"line":3}},"branchMap":{"0":{"loc":{"start":{"line":4,"column":16},"end":{"line":4,"column":87}},"type":"binary-expr","locations":[{"start":{"line":4,"column":16},"end":{"line":4,"column":34}},{"start":{"line":4,"column":38},"end":{"line":4,"column":59}},{"start":{"line":4,"column":63},"end":{"line":4,"column":87}}],"line":4},"1":{"loc":{"start":{"line":6,"column":2},"end":{"line":8,"column":3}},"type":"if","locations":[{"start":{"line":6,"column":2},"end":{"line":8,"column":3}},{"start":{},"end":{}}],"line":6}},"s":{"0":0,"1":0,"2":0,"3":0,"4":0,"5":0},"f":{"0":0},"b":{"0":[0,0,0],"1":[0,0]},"inputSourceMap":null}
,"C:\\Users\\Usuario\\Documents\\Programación Web II\\Segunda Convocatoria\\Practicas\\Practica_Final\\PRG_WEB_FINAL\\src\\config\\index.js": {"path":"C:\\Users\\Usuario\\Documents\\Programación Web II\\Segunda Convocatoria\\Practicas\\Practica_Final\\PRG_WEB_FINAL\\src\\config\\index.js","statementMap":{"0":{"start":{"line":1,"column":22},"end":{"line":23,"column":1}},"1":{"start":{"line":25,"column":30},"end":{"line":32,"column":1}},"2":{"start":{"line":26,"column":19},"end":{"line":26,"column":41}},"3":{"start":{"line":27,"column":18},"end":{"line":27,"column":56}},"4":{"start":{"line":27,"column":43},"end":{"line":27,"column":55}},"5":{"start":{"line":29,"column":2},"end":{"line":31,"column":3}},"6":{"start":{"line":30,"column":4},"end":{"line":30,"column":74}}},"fnMap":{"0":{"name":"(anonymous_0)","decl":{"start":{"line":25,"column":30},"end":{"line":25,"column":31}},"loc":{"start":{"line":25,"column":36},"end":{"line":32,"column":1}},"line":25},"1":{"name":"(anonymous_1)","decl":{"start":{"line":27,"column":34},"end":{"line":27,"column":35}},"loc":{"start":{"line":27,"column":43},"end":{"line":27,"column":55}},"line":27}},"branchMap":{"0":{"loc":{"start":{"line":2,"column":7},"end":{"line":2,"column":44}},"type":"binary-expr","locations":[{"start":{"line":2,"column":7},"end":{"line":2,"column":27}},{"start":{"line":2,"column":31},"end":{"line":2,"column":44}}],"line":2},"1":{"loc":{"start":{"line":3,"column":8},"end":{"line":3,"column":40}},"type":"binary-expr","locations":[{"start":{"line":3,"column":8},"end":{"line":3,"column":32}},{"start":{"line":3,"column":36},"end":{"line":3,"column":40}}],"line":3},"2":{"loc":{"start":{"line":4,"column":9},"end":{"line":4,"column":80}},"type":"binary-expr","locations":[{"start":{"line":4,"column":9},"end":{"line":4,"column":27}},{"start":{"line":4,"column":31},"end":{"line":4,"column":52}},{"start":{"line":4,"column":56},"end":{"line":4,"column":80}}],"line":4},"3":{"loc":{"start":{"line":7,"column":16},"end":{"line":7,"column":50}},"type":"binary-expr","locations":[{"start":{"line":7,"column":16},"end":{"line":7,"column":42}},{"start":{"line":7,"column":46},"end":{"line":7,"column":50}}],"line":7},"4":{"loc":{"start":{"line":8,"column":23},"end":{"line":8,"column":65}},"type":"binary-expr","locations":[{"start":{"line":8,"column":23},"end":{"line":8,"column":57}},{"start":{"line":8,"column":61},"end":{"line":8,"column":65}}],"line":8},"5":{"loc":{"start":{"line":9,"column":13},"end":{"line":9,"column":42}},"type":"binary-expr","locations":[{"start":{"line":9,"column":13},"end":{"line":9,"column":35}},{"start":{"line":9,"column":39},"end":{"line":9,"column":42}}],"line":9},"6":{"loc":{"start":{"line":17,"column":10},"end":{"line":17,"column":46}},"type":"binary-expr","locations":[{"start":{"line":17,"column":10},"end":{"line":17,"column":39}},{"start":{"line":17,"column":43},"end":{"line":17,"column":46}}],"line":17},"7":{"loc":{"start":{"line":20,"column":10},"end":{"line":20,"column":71}},"type":"binary-expr","locations":[{"start":{"line":20,"column":10},"end":{"line":20,"column":31}},{"start":{"line":20,"column":35},"end":{"line":20,"column":71}}],"line":20},"8":{"loc":{"start":{"line":29,"column":2},"end":{"line":31,"column":3}},"type":"if","locations":[{"start":{"line":29,"column":2},"end":{"line":31,"column":3}},{"start":{},"end":{}}],"line":29}},"s":{"0":4,"1":4,"2":0,"3":0,"4":0,"5":0,"6":0},"f":{"0":0,"1":0},"b":{"0":[4,0],"1":[4,4],"2":[4,4,4],"3":[4,0],"4":[4,0],"5":[4,4],"6":[4,4],"7":[4,4],"8":[0,0]},"inputSourceMap":null,"_coverageSchema":"1a1c01bbd47fc00a2c39e90264f33305004495a9","hash":"e369b8aee1587ad6e45bdfeaea872abbe69cafd8"}
,"C:\\Users\\Usuario\\Documents\\Programación Web II\\Segunda Convocatoria\\Practicas\\Practica_Final\\PRG_WEB_FINAL\\src\\controllers\\client.controller.js": {"path":"C:\\Users\\Usuario\\Documents\\Programación Web II\\Segunda Convocatoria\\Practicas\\Practica_Final\\PRG_WEB_FINAL\\src\\controllers\\client.controller.js","statementMap":{"0":{"start":{"line":6,"column":22},"end":{"line":10,"column":1}},"1":{"start":{"line":7,"column":2},"end":{"line":9,"column":3}},"2":{"start":{"line":8,"column":4},"end":{"line":8,"column":60}},"3":{"start":{"line":12,"column":28},"end":{"line":24,"column":1}},"4":{"start":{"line":13,"column":2},"end":{"line":13,"column":20}},"5":{"start":{"line":15,"column":17},"end":{"line":15,"column":48}},"6":{"start":{"line":16,"column":2},"end":{"line":16,"column":46}},"7":{"start":{"line":16,"column":23},"end":{"line":16,"column":46}},"8":{"start":{"line":18,"column":17},"end":{"line":18,"column":45}},"9":{"start":{"line":19,"column":2},"end":{"line":21,"column":3}},"10":{"start":{"line":20,"column":4},"end":{"line":20,"column":53}},"11":{"start":{"line":23,"column":2},"end":{"line":23,"column":16}},"12":{"start":{"line":26,"column":28},"end":{"line":56,"column":1}},"13":{"start":{"line":27,"column":2},"end":{"line":55,"column":3}},"14":{"start":{"line":28,"column":49},"end":{"line":28,"column":57}},"15":{"start":{"line":29,"column":22},"end":{"line":29,"column":38}},"16":{"start":{"line":31,"column":4},"end":{"line":33,"column":5}},"17":{"start":{"line":32,"column":6},"end":{"line":32,"column":96}},"18":{"start":{"line":35,"column":21},"end":{"line":35,"column":86}},"19":{"start":{"line":36,"column":4},"end":{"line":38,"column":5}},"20":{"start":{"line":37,"column":6},"end":{"line":37,"column":88}},"21":{"start":{"line":40,"column":19},"end":{"line":48,"column":6}},"22":{"start":{"line":50,"column":4},"end":{"line":50,"column":51}},"23":{"start":{"line":52,"column":4},"end":{"line":52,"column":66}},"24":{"start":{"line":54,"column":4},"end":{"line":54,"column":16}},"25":{"start":{"line":58,"column":28},"end":{"line":88,"column":1}},"26":{"start":{"line":59,"column":2},"end":{"line":87,"column":3}},"27":{"start":{"line":60,"column":19},"end":{"line":60,"column":29}},"28":{"start":{"line":61,"column":49},"end":{"line":61,"column":57}},"29":{"start":{"line":62,"column":22},"end":{"line":62,"column":38}},"30":{"start":{"line":64,"column":19},"end":{"line":64,"column":88}},"31":{"start":{"line":65,"column":4},"end":{"line":67,"column":5}},"32":{"start":{"line":66,"column":6},"end":{"line":66,"column":62}},"33":{"start":{"line":69,"column":4},"end":{"line":74,"column":5}},"34":{"start":{"line":70,"column":23},"end":{"line":70,"column":88}},"35":{"start":{"line":71,"column":6},"end":{"line":73,"column":7}},"36":{"start":{"line":72,"column":8},"end":{"line":72,"column":90}},"37":{"start":{"line":76,"column":4},"end":{"line":76,"column":38}},"38":{"start":{"line":77,"column":4},"end":{"line":77,"column":35}},"39":{"start":{"line":78,"column":4},"end":{"line":78,"column":41}},"40":{"start":{"line":79,"column":4},"end":{"line":79,"column":41}},"41":{"start":{"line":80,"column":4},"end":{"line":80,"column":47}},"42":{"start":{"line":82,"column":4},"end":{"line":82,"column":24}},"43":{"start":{"line":84,"column":4},"end":{"line":84,"column":66}},"44":{"start":{"line":86,"column":4},"end":{"line":86,"column":16}},"45":{"start":{"line":90,"column":26},"end":{"line":120,"column":1}},"46":{"start":{"line":91,"column":2},"end":{"line":119,"column":3}},"47":{"start":{"line":92,"column":22},"end":{"line":92,"column":38}},"48":{"start":{"line":93,"column":64},"end":{"line":93,"column":73}},"49":{"start":{"line":95,"column":19},"end":{"line":95,"column":57}},"50":{"start":{"line":96,"column":4},"end":{"line":96,"column":60}},"51":{"start":{"line":96,"column":14},"end":{"line":96,"column":60}},"52":{"start":{"line":98,"column":17},"end":{"line":98,"column":51}},"53":{"start":{"line":100,"column":34},"end":{"line":103,"column":6}},"54":{"start":{"line":105,"column":4},"end":{"line":116,"column":7}},"55":{"start":{"line":118,"column":4},"end":{"line":118,"column":16}},"56":{"start":{"line":122,"column":29},"end":{"line":129,"column":1}},"57":{"start":{"line":123,"column":2},"end":{"line":128,"column":3}},"58":{"start":{"line":124,"column":19},"end":{"line":124,"column":77}},"59":{"start":{"line":125,"column":4},"end":{"line":125,"column":66}},"60":{"start":{"line":127,"column":4},"end":{"line":127,"column":16}},"61":{"start":{"line":131,"column":28},"end":{"line":154,"column":1}},"62":{"start":{"line":132,"column":2},"end":{"line":153,"column":3}},"63":{"start":{"line":133,"column":19},"end":{"line":133,"column":29}},"64":{"start":{"line":134,"column":22},"end":{"line":134,"column":38}},"65":{"start":{"line":135,"column":17},"end":{"line":135,"column":42}},"66":{"start":{"line":137,"column":19},"end":{"line":137,"column":59}},"67":{"start":{"line":139,"column":4},"end":{"line":147,"column":5}},"68":{"start":{"line":140,"column":6},"end":{"line":140,"column":28}},"69":{"start":{"line":141,"column":6},"end":{"line":141,"column":26}},"70":{"start":{"line":142,"column":6},"end":{"line":146,"column":9}},"71":{"start":{"line":149,"column":4},"end":{"line":149,"column":60}},"72":{"start":{"line":150,"column":4},"end":{"line":150,"column":92}},"73":{"start":{"line":152,"column":4},"end":{"line":152,"column":16}},"74":{"start":{"line":156,"column":34},"end":{"line":163,"column":1}},"75":{"start":{"line":157,"column":2},"end":{"line":162,"column":3}},"76":{"start":{"line":158,"column":20},"end":{"line":158,"column":102}},"77":{"start":{"line":159,"column":4},"end":{"line":159,"column":67}},"78":{"start":{"line":161,"column":4},"end":{"line":161,"column":16}},"79":{"start":{"line":165,"column":29},"end":{"line":184,"column":1}},"80":{"start":{"line":166,"column":2},"end":{"line":183,"column":3}},"81":{"start":{"line":167,"column":19},"end":{"line":167,"column":83}},"82":{"start":{"line":169,"column":4},"end":{"line":171,"column":5}},"83":{"start":{"line":170,"column":6},"end":{"line":170,"column":71}},"84":{"start":{"line":173,"column":4},"end":{"line":173,"column":27}},"85":{"start":{"line":174,"column":4},"end":{"line":174,"column":24}},"86":{"start":{"line":176,"column":4},"end":{"line":180,"column":7}},"87":{"start":{"line":182,"column":4},"end":{"line":182,"column":16}}},"fnMap":{"0":{"name":"(anonymous_0)","decl":{"start":{"line":6,"column":22},"end":{"line":6,"column":23}},"loc":{"start":{"line":6,"column":30},"end":{"line":10,"column":1}},"line":6},"1":{"name":"(anonymous_1)","decl":{"start":{"line":12,"column":28},"end":{"line":12,"column":29}},"loc":{"start":{"line":12,"column":77},"end":{"line":24,"column":1}},"line":12},"2":{"name":"(anonymous_2)","decl":{"start":{"line":26,"column":28},"end":{"line":26,"column":29}},"loc":{"start":{"line":26,"column":54},"end":{"line":56,"column":1}},"line":26},"3":{"name":"(anonymous_3)","decl":{"start":{"line":58,"column":28},"end":{"line":58,"column":29}},"loc":{"start":{"line":58,"column":54},"end":{"line":88,"column":1}},"line":58},"4":{"name":"(anonymous_4)","decl":{"start":{"line":90,"column":26},"end":{"line":90,"column":27}},"loc":{"start":{"line":90,"column":52},"end":{"line":120,"column":1}},"line":90},"5":{"name":"(anonymous_5)","decl":{"start":{"line":122,"column":29},"end":{"line":122,"column":30}},"loc":{"start":{"line":122,"column":55},"end":{"line":129,"column":1}},"line":122},"6":{"name":"(anonymous_6)","decl":{"start":{"line":131,"column":28},"end":{"line":131,"column":29}},"loc":{"start":{"line":131,"column":54},"end":{"line":154,"column":1}},"line":131},"7":{"name":"(anonymous_7)","decl":{"start":{"line":156,"column":34},"end":{"line":156,"column":35}},"loc":{"start":{"line":156,"column":60},"end":{"line":163,"column":1}},"line":156},"8":{"name":"(anonymous_8)","decl":{"start":{"line":165,"column":29},"end":{"line":165,"column":30}},"loc":{"start":{"line":165,"column":55},"end":{"line":184,"column":1}},"line":165}},"branchMap":{"0":{"loc":{"start":{"line":7,"column":2},"end":{"line":9,"column":3}},"type":"if","locations":[{"start":{"line":7,"column":2},"end":{"line":9,"column":3}},{"start":{},"end":{}}],"line":7},"1":{"loc":{"start":{"line":12,"column":50},"end":{"line":12,"column":72}},"type":"default-arg","locations":[{"start":{"line":12,"column":67},"end":{"line":12,"column":72}}],"line":12},"2":{"loc":{"start":{"line":16,"column":2},"end":{"line":16,"column":46}},"type":"if","locations":[{"start":{"line":16,"column":2},"end":{"line":16,"column":46}},{"start":{},"end":{}}],"line":16},"3":{"loc":{"start":{"line":19,"column":2},"end":{"line":21,"column":3}},"type":"if","locations":[{"start":{"line":19,"column":2},"end":{"line":21,"column":3}},{"start":{},"end":{}}],"line":19},"4":{"loc":{"start":{"line":31,"column":4},"end":{"line":33,"column":5}},"type":"if","locations":[{"start":{"line":31,"column":4},"end":{"line":33,"column":5}},{"start":{},"end":{}}],"line":31},"5":{"loc":{"start":{"line":36,"column":4},"end":{"line":38,"column":5}},"type":"if","locations":[{"start":{"line":36,"column":4},"end":{"line":38,"column":5}},{"start":{},"end":{}}],"line":36},"6":{"loc":{"start":{"line":65,"column":4},"end":{"line":67,"column":5}},"type":"if","locations":[{"start":{"line":65,"column":4},"end":{"line":67,"column":5}},{"start":{},"end":{}}],"line":65},"7":{"loc":{"start":{"line":69,"column":4},"end":{"line":74,"column":5}},"type":"if","locations":[{"start":{"line":69,"column":4},"end":{"line":74,"column":5}},{"start":{},"end":{}}],"line":69},"8":{"loc":{"start":{"line":69,"column":8},"end":{"line":69,"column":33}},"type":"binary-expr","locations":[{"start":{"line":69,"column":8},"end":{"line":69,"column":11}},{"start":{"line":69,"column":15},"end":{"line":69,"column":33}}],"line":69},"9":{"loc":{"start":{"line":71,"column":6},"end":{"line":73,"column":7}},"type":"if","locations":[{"start":{"line":71,"column":6},"end":{"line":73,"column":7}},{"start":{},"end":{}}],"line":71},"10":{"loc":{"start":{"line":76,"column":18},"end":{"line":76,"column":37}},"type":"binary-expr","locations":[{"start":{"line":76,"column":18},"end":{"line":76,"column":22}},{"start":{"line":76,"column":26},"end":{"line":76,"column":37}}],"line":76},"11":{"loc":{"start":{"line":77,"column":17},"end":{"line":77,"column":34}},"type":"binary-expr","locations":[{"start":{"line":77,"column":17},"end":{"line":77,"column":20}},{"start":{"line":77,"column":24},"end":{"line":77,"column":34}}],"line":77},"12":{"loc":{"start":{"line":78,"column":19},"end":{"line":78,"column":40}},"type":"binary-expr","locations":[{"start":{"line":78,"column":19},"end":{"line":78,"column":24}},{"start":{"line":78,"column":28},"end":{"line":78,"column":40}}],"line":78},"13":{"loc":{"start":{"line":79,"column":19},"end":{"line":79,"column":40}},"type":"binary-expr","locations":[{"start":{"line":79,"column":19},"end":{"line":79,"column":24}},{"start":{"line":79,"column":28},"end":{"line":79,"column":40}}],"line":79},"14":{"loc":{"start":{"line":80,"column":21},"end":{"line":80,"column":46}},"type":"binary-expr","locations":[{"start":{"line":80,"column":21},"end":{"line":80,"column":28}},{"start":{"line":80,"column":32},"end":{"line":80,"column":46}}],"line":80},"15":{"loc":{"start":{"line":93,"column":12},"end":{"line":93,"column":20}},"type":"default-arg","locations":[{"start":{"line":93,"column":19},"end":{"line":93,"column":20}}],"line":93},"16":{"loc":{"start":{"line":93,"column":22},"end":{"line":93,"column":32}},"type":"default-arg","locations":[{"start":{"line":93,"column":30},"end":{"line":93,"column":32}}],"line":93},"17":{"loc":{"start":{"line":93,"column":40},"end":{"line":93,"column":59}},"type":"default-arg","locations":[{"start":{"line":93,"column":47},"end":{"line":93,"column":59}}],"line":93},"18":{"loc":{"start":{"line":96,"column":4},"end":{"line":96,"column":60}},"type":"if","locations":[{"start":{"line":96,"column":4},"end":{"line":96,"column":60}},{"start":{},"end":{}}],"line":96},"19":{"loc":{"start":{"line":139,"column":4},"end":{"line":147,"column":5}},"type":"if","locations":[{"start":{"line":139,"column":4},"end":{"line":147,"column":5}},{"start":{},"end":{}}],"line":139},"20":{"loc":{"start":{"line":169,"column":4},"end":{"line":171,"column":5}},"type":"if","locations":[{"start":{"line":169,"column":4},"end":{"line":171,"column":5}},{"start":{},"end":{}}],"line":169}},"s":{"0":4,"1":3,"2":0,"3":4,"4":3,"5":3,"6":3,"7":2,"8":3,"9":3,"10":1,"11":2,"12":4,"13":8,"14":8,"15":8,"16":8,"17":0,"18":8,"19":8,"20":1,"21":7,"22":7,"23":7,"24":0,"25":4,"26":0,"27":0,"28":0,"29":0,"30":0,"31":0,"32":0,"33":0,"34":0,"35":0,"36":0,"37":0,"38":0,"39":0,"40":0,"41":0,"42":0,"43":0,"44":0,"45":4,"46":1,"47":1,"48":1,"49":1,"50":1,"51":0,"52":1,"53":1,"54":1,"55":0,"56":4,"57":1,"58":1,"59":0,"60":1,"61":4,"62":1,"63":1,"64":1,"65":1,"66":1,"67":1,"68":1,"69":1,"70":1,"71":0,"72":0,"73":0,"74":4,"75":1,"76":1,"77":1,"78":0,"79":4,"80":1,"81":1,"82":1,"83":0,"84":1,"85":1,"86":1,"87":0},"f":{"0":3,"1":3,"2":8,"3":0,"4":1,"5":1,"6":1,"7":1,"8":1},"b":{"0":[0,3],"1":[2],"2":[2,1],"3":[1,2],"4":[0,8],"5":[1,7],"6":[0,0],"7":[0,0],"8":[0,0],"9":[0,0],"10":[0,0],"11":[0,0],"12":[0,0],"13":[0,0],"14":[0,0],"15":[0],"16":[0],"17":[1],"18":[0,1],"19":[1,0],"20":[0,1]},"inputSourceMap":null,"_coverageSchema":"1a1c01bbd47fc00a2c39e90264f33305004495a9","hash":"d95c2ad3ff0c14148d6395e78d231efbe1dcaeb4"}
,"C:\\Users\\Usuario\\Documents\\Programación Web II\\Segunda Convocatoria\\Practicas\\Practica_Final\\PRG_WEB_FINAL\\src\\controllers\\deliverynote.controller.js": {"path":"C:\\Users\\Usuario\\Documents\\Programación Web II\\Segunda Convocatoria\\Practicas\\Practica_Final\\PRG_WEB_FINAL\\src\\controllers\\deliverynote.controller.js","statementMap":{"0":{"start":{"line":11,"column":22},"end":{"line":16,"column":1}},"1":{"start":{"line":18,"column":22},"end":{"line":22,"column":1}},"2":{"start":{"line":19,"column":2},"end":{"line":21,"column":3}},"3":{"start":{"line":20,"column":4},"end":{"line":20,"column":60}},"4":{"start":{"line":24,"column":26},"end":{"line":33,"column":1}},"5":{"start":{"line":25,"column":2},"end":{"line":25,"column":20}},"6":{"start":{"line":26,"column":17},"end":{"line":26,"column":48}},"7":{"start":{"line":27,"column":2},"end":{"line":27,"column":46}},"8":{"start":{"line":27,"column":23},"end":{"line":27,"column":46}},"9":{"start":{"line":29,"column":15},"end":{"line":29,"column":73}},"10":{"start":{"line":30,"column":2},"end":{"line":30,"column":62}},"11":{"start":{"line":30,"column":13},"end":{"line":30,"column":62}},"12":{"start":{"line":32,"column":2},"end":{"line":32,"column":14}},"13":{"start":{"line":35,"column":34},"end":{"line":83,"column":1}},"14":{"start":{"line":36,"column":2},"end":{"line":82,"column":3}},"15":{"start":{"line":37,"column":22},"end":{"line":37,"column":38}},"16":{"start":{"line":49,"column":8},"end":{"line":49,"column":16}},"17":{"start":{"line":51,"column":30},"end":{"line":54,"column":6}},"18":{"start":{"line":56,"column":4},"end":{"line":56,"column":75}},"19":{"start":{"line":56,"column":17},"end":{"line":56,"column":75}},"20":{"start":{"line":57,"column":4},"end":{"line":57,"column":77}},"21":{"start":{"line":57,"column":18},"end":{"line":57,"column":77}},"22":{"start":{"line":58,"column":4},"end":{"line":60,"column":5}},"23":{"start":{"line":59,"column":6},"end":{"line":59,"column":81}},"24":{"start":{"line":62,"column":25},"end":{"line":75,"column":6}},"25":{"start":{"line":77,"column":4},"end":{"line":77,"column":63}},"26":{"start":{"line":79,"column":4},"end":{"line":79,"column":72}},"27":{"start":{"line":81,"column":4},"end":{"line":81,"column":16}},"28":{"start":{"line":85,"column":32},"end":{"line":127,"column":1}},"29":{"start":{"line":86,"column":2},"end":{"line":126,"column":3}},"30":{"start":{"line":87,"column":22},"end":{"line":87,"column":38}},"31":{"start":{"line":88,"column":100},"end":{"line":88,"column":109}},"32":{"start":{"line":90,"column":19},"end":{"line":90,"column":57}},"33":{"start":{"line":91,"column":4},"end":{"line":91,"column":42}},"34":{"start":{"line":91,"column":17},"end":{"line":91,"column":42}},"35":{"start":{"line":92,"column":4},"end":{"line":92,"column":39}},"36":{"start":{"line":92,"column":16},"end":{"line":92,"column":39}},"37":{"start":{"line":93,"column":4},"end":{"line":93,"column":39}},"38":{"start":{"line":93,"column":16},"end":{"line":93,"column":39}},"39":{"start":{"line":94,"column":4},"end":{"line":94,"column":53}},"40":{"start":{"line":94,"column":30},"end":{"line":94,"column":53}},"41":{"start":{"line":95,"column":4},"end":{"line":99,"column":5}},"42":{"start":{"line":96,"column":6},"end":{"line":96,"column":27}},"43":{"start":{"line":97,"column":6},"end":{"line":97,"column":44}},"44":{"start":{"line":97,"column":16},"end":{"line":97,"column":44}},"45":{"start":{"line":98,"column":6},"end":{"line":98,"column":40}},"46":{"start":{"line":98,"column":14},"end":{"line":98,"column":40}},"47":{"start":{"line":101,"column":17},"end":{"line":101,"column":51}},"48":{"start":{"line":103,"column":40},"end":{"line":110,"column":6}},"49":{"start":{"line":112,"column":4},"end":{"line":123,"column":7}},"50":{"start":{"line":125,"column":4},"end":{"line":125,"column":16}},"51":{"start":{"line":129,"column":35},"end":{"line":136,"column":1}},"52":{"start":{"line":130,"column":2},"end":{"line":135,"column":3}},"53":{"start":{"line":131,"column":17},"end":{"line":131,"column":73}},"54":{"start":{"line":132,"column":4},"end":{"line":132,"column":78}},"55":{"start":{"line":134,"column":4},"end":{"line":134,"column":16}},"56":{"start":{"line":138,"column":40},"end":{"line":148,"column":1}},"57":{"start":{"line":139,"column":2},"end":{"line":147,"column":3}},"58":{"start":{"line":140,"column":26},"end":{"line":142,"column":25}},"59":{"start":{"line":144,"column":4},"end":{"line":144,"column":73}},"60":{"start":{"line":146,"column":4},"end":{"line":146,"column":16}},"61":{"start":{"line":150,"column":34},"end":{"line":165,"column":1}},"62":{"start":{"line":151,"column":2},"end":{"line":164,"column":3}},"63":{"start":{"line":152,"column":17},"end":{"line":152,"column":73}},"64":{"start":{"line":154,"column":4},"end":{"line":156,"column":5}},"65":{"start":{"line":155,"column":6},"end":{"line":155,"column":39}},"66":{"start":{"line":158,"column":19},"end":{"line":158,"column":60}},"67":{"start":{"line":159,"column":4},"end":{"line":159,"column":53}},"68":{"start":{"line":160,"column":4},"end":{"line":160,"column":85}},"69":{"start":{"line":161,"column":4},"end":{"line":161,"column":21}},"70":{"start":{"line":163,"column":4},"end":{"line":163,"column":16}},"71":{"start":{"line":167,"column":32},"end":{"line":206,"column":1}},"72":{"start":{"line":168,"column":2},"end":{"line":205,"column":3}},"73":{"start":{"line":169,"column":17},"end":{"line":169,"column":73}},"74":{"start":{"line":171,"column":4},"end":{"line":173,"column":5}},"75":{"start":{"line":172,"column":6},"end":{"line":172,"column":69}},"76":{"start":{"line":175,"column":4},"end":{"line":177,"column":5}},"77":{"start":{"line":176,"column":6},"end":{"line":176,"column":76}},"78":{"start":{"line":179,"column":23},"end":{"line":182,"column":17}},"79":{"start":{"line":184,"column":22},"end":{"line":187,"column":17}},"80":{"start":{"line":189,"column":34},"end":{"line":189,"column":72}},"81":{"start":{"line":191,"column":4},"end":{"line":191,"column":37}},"82":{"start":{"line":192,"column":4},"end":{"line":192,"column":23}},"83":{"start":{"line":193,"column":4},"end":{"line":193,"column":31}},"84":{"start":{"line":195,"column":19},"end":{"line":195,"column":62}},"85":{"start":{"line":196,"column":4},"end":{"line":196,"column":25}},"86":{"start":{"line":198,"column":4},"end":{"line":198,"column":22}},"87":{"start":{"line":200,"column":4},"end":{"line":200,"column":65}},"88":{"start":{"line":202,"column":4},"end":{"line":202,"column":120}},"89":{"start":{"line":204,"column":4},"end":{"line":204,"column":16}},"90":{"start":{"line":208,"column":34},"end":{"line":222,"column":1}},"91":{"start":{"line":209,"column":2},"end":{"line":221,"column":3}},"92":{"start":{"line":210,"column":17},"end":{"line":210,"column":73}},"93":{"start":{"line":212,"column":4},"end":{"line":214,"column":5}},"94":{"start":{"line":213,"column":6},"end":{"line":213,"column":80}},"95":{"start":{"line":216,"column":4},"end":{"line":216,"column":79}},"96":{"start":{"line":218,"column":4},"end":{"line":218,"column":92}},"97":{"start":{"line":220,"column":4},"end":{"line":220,"column":16}}},"fnMap":{"0":{"name":"(anonymous_0)","decl":{"start":{"line":18,"column":22},"end":{"line":18,"column":23}},"loc":{"start":{"line":18,"column":30},"end":{"line":22,"column":1}},"line":18},"1":{"name":"(anonymous_1)","decl":{"start":{"line":24,"column":26},"end":{"line":24,"column":27}},"loc":{"start":{"line":24,"column":84},"end":{"line":33,"column":1}},"line":24},"2":{"name":"(anonymous_2)","decl":{"start":{"line":35,"column":34},"end":{"line":35,"column":35}},"loc":{"start":{"line":35,"column":60},"end":{"line":83,"column":1}},"line":35},"3":{"name":"(anonymous_3)","decl":{"start":{"line":85,"column":32},"end":{"line":85,"column":33}},"loc":{"start":{"line":85,"column":58},"end":{"line":127,"column":1}},"line":85},"4":{"name":"(anonymous_4)","decl":{"start":{"line":129,"column":35},"end":{"line":129,"column":36}},"loc":{"start":{"line":129,"column":61},"end":{"line":136,"column":1}},"line":129},"5":{"name":"(anonymous_5)","decl":{"start":{"line":138,"column":40},"end":{"line":138,"column":41}},"loc":{"start":{"line":138,"column":66},"end":{"line":148,"column":1}},"line":138},"6":{"name":"(anonymous_6)","decl":{"start":{"line":150,"column":34},"end":{"line":150,"column":35}},"loc":{"start":{"line":150,"column":60},"end":{"line":165,"column":1}},"line":150},"7":{"name":"(anonymous_7)","decl":{"start":{"line":167,"column":32},"end":{"line":167,"column":33}},"loc":{"start":{"line":167,"column":58},"end":{"line":206,"column":1}},"line":167},"8":{"name":"(anonymous_8)","decl":{"start":{"line":208,"column":34},"end":{"line":208,"column":35}},"loc":{"start":{"line":208,"column":60},"end":{"line":222,"column":1}},"line":208}},"branchMap":{"0":{"loc":{"start":{"line":19,"column":2},"end":{"line":21,"column":3}},"type":"if","locations":[{"start":{"line":19,"column":2},"end":{"line":21,"column":3}},{"start":{},"end":{}}],"line":19},"1":{"loc":{"start":{"line":24,"column":48},"end":{"line":24,"column":79}},"type":"default-arg","locations":[{"start":{"line":24,"column":77},"end":{"line":24,"column":79}}],"line":24},"2":{"loc":{"start":{"line":24,"column":50},"end":{"line":24,"column":72}},"type":"default-arg","locations":[{"start":{"line":24,"column":67},"end":{"line":24,"column":72}}],"line":24},"3":{"loc":{"start":{"line":27,"column":2},"end":{"line":27,"column":46}},"type":"if","locations":[{"start":{"line":27,"column":2},"end":{"line":27,"column":46}},{"start":{},"end":{}}],"line":27},"4":{"loc":{"start":{"line":30,"column":2},"end":{"line":30,"column":62}},"type":"if","locations":[{"start":{"line":30,"column":2},"end":{"line":30,"column":62}},{"start":{},"end":{}}],"line":30},"5":{"loc":{"start":{"line":56,"column":4},"end":{"line":56,"column":75}},"type":"if","locations":[{"start":{"line":56,"column":4},"end":{"line":56,"column":75}},{"start":{},"end":{}}],"line":56},"6":{"loc":{"start":{"line":57,"column":4},"end":{"line":57,"column":77}},"type":"if","locations":[{"start":{"line":57,"column":4},"end":{"line":57,"column":77}},{"start":{},"end":{}}],"line":57},"7":{"loc":{"start":{"line":58,"column":4},"end":{"line":60,"column":5}},"type":"if","locations":[{"start":{"line":58,"column":4},"end":{"line":60,"column":5}},{"start":{},"end":{}}],"line":58},"8":{"loc":{"start":{"line":70,"column":16},"end":{"line":70,"column":60}},"type":"cond-expr","locations":[{"start":{"line":70,"column":40},"end":{"line":70,"column":48}},{"start":{"line":70,"column":51},"end":{"line":70,"column":60}}],"line":70},"9":{"loc":{"start":{"line":71,"column":16},"end":{"line":71,"column":60}},"type":"cond-expr","locations":[{"start":{"line":71,"column":40},"end":{"line":71,"column":48}},{"start":{"line":71,"column":51},"end":{"line":71,"column":60}}],"line":71},"10":{"loc":{"start":{"line":72,"column":12},"end":{"line":72,"column":52}},"type":"cond-expr","locations":[{"start":{"line":72,"column":36},"end":{"line":72,"column":40}},{"start":{"line":72,"column":43},"end":{"line":72,"column":52}}],"line":72},"11":{"loc":{"start":{"line":73,"column":13},"end":{"line":73,"column":51}},"type":"cond-expr","locations":[{"start":{"line":73,"column":34},"end":{"line":73,"column":39}},{"start":{"line":73,"column":42},"end":{"line":73,"column":51}}],"line":73},"12":{"loc":{"start":{"line":74,"column":15},"end":{"line":74,"column":55}},"type":"cond-expr","locations":[{"start":{"line":74,"column":36},"end":{"line":74,"column":43}},{"start":{"line":74,"column":46},"end":{"line":74,"column":55}}],"line":74},"13":{"loc":{"start":{"line":88,"column":12},"end":{"line":88,"column":20}},"type":"default-arg","locations":[{"start":{"line":88,"column":19},"end":{"line":88,"column":20}}],"line":88},"14":{"loc":{"start":{"line":88,"column":22},"end":{"line":88,"column":32}},"type":"default-arg","locations":[{"start":{"line":88,"column":30},"end":{"line":88,"column":32}}],"line":88},"15":{"loc":{"start":{"line":88,"column":77},"end":{"line":88,"column":95}},"type":"default-arg","locations":[{"start":{"line":88,"column":84},"end":{"line":88,"column":95}}],"line":88},"16":{"loc":{"start":{"line":91,"column":4},"end":{"line":91,"column":42}},"type":"if","locations":[{"start":{"line":91,"column":4},"end":{"line":91,"column":42}},{"start":{},"end":{}}],"line":91},"17":{"loc":{"start":{"line":92,"column":4},"end":{"line":92,"column":39}},"type":"if","locations":[{"start":{"line":92,"column":4},"end":{"line":92,"column":39}},{"start":{},"end":{}}],"line":92},"18":{"loc":{"start":{"line":93,"column":4},"end":{"line":93,"column":39}},"type":"if","locations":[{"start":{"line":93,"column":4},"end":{"line":93,"column":39}},{"start":{},"end":{}}],"line":93},"19":{"loc":{"start":{"line":94,"column":4},"end":{"line":94,"column":53}},"type":"if","locations":[{"start":{"line":94,"column":4},"end":{"line":94,"column":53}},{"start":{},"end":{}}],"line":94},"20":{"loc":{"start":{"line":95,"column":4},"end":{"line":99,"column":5}},"type":"if","locations":[{"start":{"line":95,"column":4},"end":{"line":99,"column":5}},{"start":{},"end":{}}],"line":95},"21":{"loc":{"start":{"line":95,"column":8},"end":{"line":95,"column":18}},"type":"binary-expr","locations":[{"start":{"line":95,"column":8},"end":{"line":95,"column":12}},{"start":{"line":95,"column":16},"end":{"line":95,"column":18}}],"line":95},"22":{"loc":{"start":{"line":97,"column":6},"end":{"line":97,"column":44}},"type":"if","locations":[{"start":{"line":97,"column":6},"end":{"line":97,"column":44}},{"start":{},"end":{}}],"line":97},"23":{"loc":{"start":{"line":98,"column":6},"end":{"line":98,"column":40}},"type":"if","locations":[{"start":{"line":98,"column":6},"end":{"line":98,"column":40}},{"start":{},"end":{}}],"line":98},"24":{"loc":{"start":{"line":154,"column":4},"end":{"line":156,"column":5}},"type":"if","locations":[{"start":{"line":154,"column":4},"end":{"line":156,"column":5}},{"start":{},"end":{}}],"line":154},"25":{"loc":{"start":{"line":154,"column":8},"end":{"line":154,"column":34}},"type":"binary-expr","locations":[{"start":{"line":154,"column":8},"end":{"line":154,"column":19}},{"start":{"line":154,"column":23},"end":{"line":154,"column":34}}],"line":154},"26":{"loc":{"start":{"line":171,"column":4},"end":{"line":173,"column":5}},"type":"if","locations":[{"start":{"line":171,"column":4},"end":{"line":173,"column":5}},{"start":{},"end":{}}],"line":171},"27":{"loc":{"start":{"line":175,"column":4},"end":{"line":177,"column":5}},"type":"if","locations":[{"start":{"line":175,"column":4},"end":{"line":177,"column":5}},{"start":{},"end":{}}],"line":175},"28":{"loc":{"start":{"line":212,"column":4},"end":{"line":214,"column":5}},"type":"if","locations":[{"start":{"line":212,"column":4},"end":{"line":214,"column":5}},{"start":{},"end":{}}],"line":212}},"s":{"0":4,"1":4,"2":2,"3":0,"4":4,"5":2,"6":2,"7":2,"8":2,"9":2,"10":2,"11":0,"12":2,"13":4,"14":6,"15":6,"16":6,"17":6,"18":6,"19":1,"20":5,"21":0,"22":5,"23":0,"24":5,"25":5,"26":5,"27":0,"28":4,"29":1,"30":1,"31":1,"32":1,"33":1,"34":0,"35":1,"36":0,"37":1,"38":1,"39":1,"40":1,"41":1,"42":0,"43":0,"44":0,"45":0,"46":0,"47":1,"48":1,"49":1,"50":0,"51":4,"52":0,"53":0,"54":0,"55":0,"56":4,"57":0,"58":0,"59":0,"60":0,"61":4,"62":1,"63":1,"64":1,"65":0,"66":1,"67":1,"68":1,"69":1,"70":0,"71":4,"72":0,"73":0,"74":0,"75":0,"76":0,"77":0,"78":0,"79":0,"80":0,"81":0,"82":0,"83":0,"84":0,"85":0,"86":0,"87":0,"88":0,"89":0,"90":4,"91":1,"92":1,"93":1,"94":1,"95":0,"96":0,"97":0},"f":{"0":2,"1":2,"2":6,"3":1,"4":0,"5":0,"6":1,"7":0,"8":1},"b":{"0":[0,2],"1":[2],"2":[2],"3":[2,0],"4":[0,2],"5":[1,5],"6":[0,5],"7":[0,5],"8":[2,3],"9":[2,3],"10":[2,3],"11":[3,2],"12":[3,2],"13":[1],"14":[1],"15":[1],"16":[0,1],"17":[0,1],"18":[1,0],"19":[1,0],"20":[0,1],"21":[1,1],"22":[0,0],"23":[0,0],"24":[0,1],"25":[1,0],"26":[0,0],"27":[0,0],"28":[1,0]},"inputSourceMap":null,"_coverageSchema":"1a1c01bbd47fc00a2c39e90264f33305004495a9","hash":"95d18b484122aa7d2865ca6388ec80f373b20036"}
,"C:\\Users\\Usuario\\Documents\\Programación Web II\\Segunda Convocatoria\\Practicas\\Practica_Final\\PRG_WEB_FINAL\\src\\controllers\\project.controller.js": {"path":"C:\\Users\\Usuario\\Documents\\Programación Web II\\Segunda Convocatoria\\Practicas\\Practica_Final\\PRG_WEB_FINAL\\src\\controllers\\project.controller.js","statementMap":{"0":{"start":{"line":7,"column":22},"end":{"line":11,"column":1}},"1":{"start":{"line":8,"column":2},"end":{"line":10,"column":3}},"2":{"start":{"line":9,"column":4},"end":{"line":9,"column":60}},"3":{"start":{"line":13,"column":29},"end":{"line":26,"column":1}},"4":{"start":{"line":14,"column":2},"end":{"line":14,"column":20}},"5":{"start":{"line":16,"column":17},"end":{"line":16,"column":48}},"6":{"start":{"line":17,"column":2},"end":{"line":17,"column":46}},"7":{"start":{"line":17,"column":23},"end":{"line":17,"column":46}},"8":{"start":{"line":19,"column":18},"end":{"line":19,"column":90}},"9":{"start":{"line":21,"column":2},"end":{"line":23,"column":3}},"10":{"start":{"line":22,"column":4},"end":{"line":22,"column":54}},"11":{"start":{"line":25,"column":2},"end":{"line":25,"column":17}},"12":{"start":{"line":28,"column":29},"end":{"line":66,"column":1}},"13":{"start":{"line":29,"column":2},"end":{"line":65,"column":3}},"14":{"start":{"line":30,"column":83},"end":{"line":30,"column":91}},"15":{"start":{"line":31,"column":22},"end":{"line":31,"column":38}},"16":{"start":{"line":33,"column":4},"end":{"line":35,"column":5}},"17":{"start":{"line":34,"column":6},"end":{"line":34,"column":97}},"18":{"start":{"line":37,"column":25},"end":{"line":37,"column":99}},"19":{"start":{"line":38,"column":4},"end":{"line":40,"column":5}},"20":{"start":{"line":39,"column":6},"end":{"line":39,"column":92}},"21":{"start":{"line":42,"column":19},"end":{"line":42,"column":94}},"22":{"start":{"line":43,"column":4},"end":{"line":45,"column":5}},"23":{"start":{"line":44,"column":6},"end":{"line":44,"column":93}},"24":{"start":{"line":47,"column":20},"end":{"line":58,"column":6}},"25":{"start":{"line":60,"column":4},"end":{"line":60,"column":53}},"26":{"start":{"line":62,"column":4},"end":{"line":62,"column":67}},"27":{"start":{"line":64,"column":4},"end":{"line":64,"column":16}},"28":{"start":{"line":68,"column":29},"end":{"line":107,"column":1}},"29":{"start":{"line":69,"column":2},"end":{"line":106,"column":3}},"30":{"start":{"line":70,"column":19},"end":{"line":70,"column":29}},"31":{"start":{"line":71,"column":83},"end":{"line":71,"column":91}},"32":{"start":{"line":72,"column":22},"end":{"line":72,"column":38}},"33":{"start":{"line":74,"column":20},"end":{"line":74,"column":90}},"34":{"start":{"line":75,"column":4},"end":{"line":77,"column":5}},"35":{"start":{"line":76,"column":6},"end":{"line":76,"column":63}},"36":{"start":{"line":79,"column":4},"end":{"line":84,"column":5}},"37":{"start":{"line":80,"column":27},"end":{"line":80,"column":101}},"38":{"start":{"line":81,"column":6},"end":{"line":83,"column":7}},"39":{"start":{"line":82,"column":8},"end":{"line":82,"column":94}},"40":{"start":{"line":86,"column":4},"end":{"line":92,"column":5}},"41":{"start":{"line":87,"column":21},"end":{"line":87,"column":96}},"42":{"start":{"line":88,"column":6},"end":{"line":90,"column":7}},"43":{"start":{"line":89,"column":8},"end":{"line":89,"column":95}},"44":{"start":{"line":91,"column":6},"end":{"line":91,"column":32}},"45":{"start":{"line":94,"column":4},"end":{"line":94,"column":40}},"46":{"start":{"line":95,"column":4},"end":{"line":95,"column":61}},"47":{"start":{"line":96,"column":4},"end":{"line":96,"column":49}},"48":{"start":{"line":97,"column":4},"end":{"line":97,"column":43}},"49":{"start":{"line":98,"column":4},"end":{"line":98,"column":43}},"50":{"start":{"line":99,"column":4},"end":{"line":99,"column":46}},"51":{"start":{"line":101,"column":4},"end":{"line":101,"column":25}},"52":{"start":{"line":103,"column":4},"end":{"line":103,"column":67}},"53":{"start":{"line":105,"column":4},"end":{"line":105,"column":16}},"54":{"start":{"line":109,"column":27},"end":{"line":145,"column":1}},"55":{"start":{"line":110,"column":2},"end":{"line":144,"column":3}},"56":{"start":{"line":111,"column":22},"end":{"line":111,"column":38}},"57":{"start":{"line":112,"column":80},"end":{"line":112,"column":89}},"58":{"start":{"line":114,"column":19},"end":{"line":114,"column":57}},"59":{"start":{"line":115,"column":4},"end":{"line":115,"column":39}},"60":{"start":{"line":115,"column":16},"end":{"line":115,"column":39}},"61":{"start":{"line":116,"column":4},"end":{"line":116,"column":60}},"62":{"start":{"line":116,"column":14},"end":{"line":116,"column":60}},"63":{"start":{"line":117,"column":4},"end":{"line":117,"column":53}},"64":{"start":{"line":117,"column":30},"end":{"line":117,"column":53}},"65":{"start":{"line":119,"column":17},"end":{"line":119,"column":51}},"66":{"start":{"line":121,"column":35},"end":{"line":128,"column":6}},"67":{"start":{"line":130,"column":4},"end":{"line":141,"column":7}},"68":{"start":{"line":143,"column":4},"end":{"line":143,"column":16}},"69":{"start":{"line":147,"column":30},"end":{"line":154,"column":1}},"70":{"start":{"line":148,"column":2},"end":{"line":153,"column":3}},"71":{"start":{"line":149,"column":20},"end":{"line":149,"column":79}},"72":{"start":{"line":150,"column":4},"end":{"line":150,"column":67}},"73":{"start":{"line":152,"column":4},"end":{"line":152,"column":16}},"74":{"start":{"line":156,"column":29},"end":{"line":179,"column":1}},"75":{"start":{"line":157,"column":2},"end":{"line":178,"column":3}},"76":{"start":{"line":158,"column":19},"end":{"line":158,"column":29}},"77":{"start":{"line":159,"column":22},"end":{"line":159,"column":38}},"78":{"start":{"line":160,"column":17},"end":{"line":160,"column":42}},"79":{"start":{"line":162,"column":20},"end":{"line":162,"column":61}},"80":{"start":{"line":164,"column":4},"end":{"line":172,"column":5}},"81":{"start":{"line":165,"column":6},"end":{"line":165,"column":29}},"82":{"start":{"line":166,"column":6},"end":{"line":166,"column":27}},"83":{"start":{"line":167,"column":6},"end":{"line":171,"column":9}},"84":{"start":{"line":174,"column":4},"end":{"line":174,"column":61}},"85":{"start":{"line":175,"column":4},"end":{"line":175,"column":93}},"86":{"start":{"line":177,"column":4},"end":{"line":177,"column":16}},"87":{"start":{"line":181,"column":35},"end":{"line":191,"column":1}},"88":{"start":{"line":182,"column":2},"end":{"line":190,"column":3}},"89":{"start":{"line":183,"column":21},"end":{"line":185,"column":25}},"90":{"start":{"line":187,"column":4},"end":{"line":187,"column":68}},"91":{"start":{"line":189,"column":4},"end":{"line":189,"column":16}},"92":{"start":{"line":193,"column":30},"end":{"line":212,"column":1}},"93":{"start":{"line":194,"column":2},"end":{"line":211,"column":3}},"94":{"start":{"line":195,"column":20},"end":{"line":195,"column":105}},"95":{"start":{"line":197,"column":4},"end":{"line":199,"column":5}},"96":{"start":{"line":198,"column":6},"end":{"line":198,"column":72}},"97":{"start":{"line":201,"column":4},"end":{"line":201,"column":28}},"98":{"start":{"line":202,"column":4},"end":{"line":202,"column":25}},"99":{"start":{"line":204,"column":4},"end":{"line":208,"column":7}},"100":{"start":{"line":210,"column":4},"end":{"line":210,"column":16}}},"fnMap":{"0":{"name":"(anonymous_0)","decl":{"start":{"line":7,"column":22},"end":{"line":7,"column":23}},"loc":{"start":{"line":7,"column":30},"end":{"line":11,"column":1}},"line":7},"1":{"name":"(anonymous_1)","decl":{"start":{"line":13,"column":29},"end":{"line":13,"column":30}},"loc":{"start":{"line":13,"column":87},"end":{"line":26,"column":1}},"line":13},"2":{"name":"(anonymous_2)","decl":{"start":{"line":28,"column":29},"end":{"line":28,"column":30}},"loc":{"start":{"line":28,"column":55},"end":{"line":66,"column":1}},"line":28},"3":{"name":"(anonymous_3)","decl":{"start":{"line":68,"column":29},"end":{"line":68,"column":30}},"loc":{"start":{"line":68,"column":55},"end":{"line":107,"column":1}},"line":68},"4":{"name":"(anonymous_4)","decl":{"start":{"line":109,"column":27},"end":{"line":109,"column":28}},"loc":{"start":{"line":109,"column":53},"end":{"line":145,"column":1}},"line":109},"5":{"name":"(anonymous_5)","decl":{"start":{"line":147,"column":30},"end":{"line":147,"column":31}},"loc":{"start":{"line":147,"column":56},"end":{"line":154,"column":1}},"line":147},"6":{"name":"(anonymous_6)","decl":{"start":{"line":156,"column":29},"end":{"line":156,"column":30}},"loc":{"start":{"line":156,"column":55},"end":{"line":179,"column":1}},"line":156},"7":{"name":"(anonymous_7)","decl":{"start":{"line":181,"column":35},"end":{"line":181,"column":36}},"loc":{"start":{"line":181,"column":61},"end":{"line":191,"column":1}},"line":181},"8":{"name":"(anonymous_8)","decl":{"start":{"line":193,"column":30},"end":{"line":193,"column":31}},"loc":{"start":{"line":193,"column":56},"end":{"line":212,"column":1}},"line":193}},"branchMap":{"0":{"loc":{"start":{"line":8,"column":2},"end":{"line":10,"column":3}},"type":"if","locations":[{"start":{"line":8,"column":2},"end":{"line":10,"column":3}},{"start":{},"end":{}}],"line":8},"1":{"loc":{"start":{"line":13,"column":51},"end":{"line":13,"column":82}},"type":"default-arg","locations":[{"start":{"line":13,"column":80},"end":{"line":13,"column":82}}],"line":13},"2":{"loc":{"start":{"line":13,"column":53},"end":{"line":13,"column":75}},"type":"default-arg","locations":[{"start":{"line":13,"column":70},"end":{"line":13,"column":75}}],"line":13},"3":{"loc":{"start":{"line":17,"column":2},"end":{"line":17,"column":46}},"type":"if","locations":[{"start":{"line":17,"column":2},"end":{"line":17,"column":46}},{"start":{},"end":{}}],"line":17},"4":{"loc":{"start":{"line":21,"column":2},"end":{"line":23,"column":3}},"type":"if","locations":[{"start":{"line":21,"column":2},"end":{"line":23,"column":3}},{"start":{},"end":{}}],"line":21},"5":{"loc":{"start":{"line":33,"column":4},"end":{"line":35,"column":5}},"type":"if","locations":[{"start":{"line":33,"column":4},"end":{"line":35,"column":5}},{"start":{},"end":{}}],"line":33},"6":{"loc":{"start":{"line":38,"column":4},"end":{"line":40,"column":5}},"type":"if","locations":[{"start":{"line":38,"column":4},"end":{"line":40,"column":5}},{"start":{},"end":{}}],"line":38},"7":{"loc":{"start":{"line":43,"column":4},"end":{"line":45,"column":5}},"type":"if","locations":[{"start":{"line":43,"column":4},"end":{"line":45,"column":5}},{"start":{},"end":{}}],"line":43},"8":{"loc":{"start":{"line":56,"column":14},"end":{"line":56,"column":28}},"type":"binary-expr","locations":[{"start":{"line":56,"column":14},"end":{"line":56,"column":20}},{"start":{"line":56,"column":24},"end":{"line":56,"column":28}}],"line":56},"9":{"loc":{"start":{"line":75,"column":4},"end":{"line":77,"column":5}},"type":"if","locations":[{"start":{"line":75,"column":4},"end":{"line":77,"column":5}},{"start":{},"end":{}}],"line":75},"10":{"loc":{"start":{"line":79,"column":4},"end":{"line":84,"column":5}},"type":"if","locations":[{"start":{"line":79,"column":4},"end":{"line":84,"column":5}},{"start":{},"end":{}}],"line":79},"11":{"loc":{"start":{"line":79,"column":8},"end":{"line":79,"column":58}},"type":"binary-expr","locations":[{"start":{"line":79,"column":8},"end":{"line":79,"column":19}},{"start":{"line":79,"column":23},"end":{"line":79,"column":58}}],"line":79},"12":{"loc":{"start":{"line":81,"column":6},"end":{"line":83,"column":7}},"type":"if","locations":[{"start":{"line":81,"column":6},"end":{"line":83,"column":7}},{"start":{},"end":{}}],"line":81},"13":{"loc":{"start":{"line":86,"column":4},"end":{"line":92,"column":5}},"type":"if","locations":[{"start":{"line":86,"column":4},"end":{"line":92,"column":5}},{"start":{},"end":{}}],"line":86},"14":{"loc":{"start":{"line":86,"column":8},"end":{"line":86,"column":58}},"type":"binary-expr","locations":[{"start":{"line":86,"column":8},"end":{"line":86,"column":16}},{"start":{"line":86,"column":20},"end":{"line":86,"column":58}}],"line":86},"15":{"loc":{"start":{"line":88,"column":6},"end":{"line":90,"column":7}},"type":"if","locations":[{"start":{"line":88,"column":6},"end":{"line":90,"column":7}},{"start":{},"end":{}}],"line":88},"16":{"loc":{"start":{"line":94,"column":19},"end":{"line":94,"column":39}},"type":"binary-expr","locations":[{"start":{"line":94,"column":19},"end":{"line":94,"column":23}},{"start":{"line":94,"column":27},"end":{"line":94,"column":39}}],"line":94},"17":{"loc":{"start":{"line":95,"column":26},"end":{"line":95,"column":60}},"type":"binary-expr","locations":[{"start":{"line":95,"column":26},"end":{"line":95,"column":37}},{"start":{"line":95,"column":41},"end":{"line":95,"column":60}}],"line":95},"18":{"loc":{"start":{"line":96,"column":22},"end":{"line":96,"column":48}},"type":"binary-expr","locations":[{"start":{"line":96,"column":22},"end":{"line":96,"column":29}},{"start":{"line":96,"column":33},"end":{"line":96,"column":48}}],"line":96},"19":{"loc":{"start":{"line":97,"column":20},"end":{"line":97,"column":42}},"type":"binary-expr","locations":[{"start":{"line":97,"column":20},"end":{"line":97,"column":25}},{"start":{"line":97,"column":29},"end":{"line":97,"column":42}}],"line":97},"20":{"loc":{"start":{"line":98,"column":20},"end":{"line":98,"column":42}},"type":"binary-expr","locations":[{"start":{"line":98,"column":20},"end":{"line":98,"column":25}},{"start":{"line":98,"column":29},"end":{"line":98,"column":42}}],"line":98},"21":{"loc":{"start":{"line":99,"column":21},"end":{"line":99,"column":45}},"type":"binary-expr","locations":[{"start":{"line":99,"column":21},"end":{"line":99,"column":27}},{"start":{"line":99,"column":31},"end":{"line":99,"column":45}}],"line":99},"22":{"loc":{"start":{"line":112,"column":12},"end":{"line":112,"column":20}},"type":"default-arg","locations":[{"start":{"line":112,"column":19},"end":{"line":112,"column":20}}],"line":112},"23":{"loc":{"start":{"line":112,"column":22},"end":{"line":112,"column":32}},"type":"default-arg","locations":[{"start":{"line":112,"column":30},"end":{"line":112,"column":32}}],"line":112},"24":{"loc":{"start":{"line":112,"column":56},"end":{"line":112,"column":75}},"type":"default-arg","locations":[{"start":{"line":112,"column":63},"end":{"line":112,"column":75}}],"line":112},"25":{"loc":{"start":{"line":115,"column":4},"end":{"line":115,"column":39}},"type":"if","locations":[{"start":{"line":115,"column":4},"end":{"line":115,"column":39}},{"start":{},"end":{}}],"line":115},"26":{"loc":{"start":{"line":116,"column":4},"end":{"line":116,"column":60}},"type":"if","locations":[{"start":{"line":116,"column":4},"end":{"line":116,"column":60}},{"start":{},"end":{}}],"line":116},"27":{"loc":{"start":{"line":117,"column":4},"end":{"line":117,"column":53}},"type":"if","locations":[{"start":{"line":117,"column":4},"end":{"line":117,"column":53}},{"start":{},"end":{}}],"line":117},"28":{"loc":{"start":{"line":164,"column":4},"end":{"line":172,"column":5}},"type":"if","locations":[{"start":{"line":164,"column":4},"end":{"line":172,"column":5}},{"start":{},"end":{}}],"line":164},"29":{"loc":{"start":{"line":197,"column":4},"end":{"line":199,"column":5}},"type":"if","locations":[{"start":{"line":197,"column":4},"end":{"line":199,"column":5}},{"start":{},"end":{}}],"line":197}},"s":{"0":4,"1":2,"2":0,"3":4,"4":2,"5":2,"6":2,"7":1,"8":2,"9":2,"10":0,"11":2,"12":4,"13":7,"14":7,"15":7,"16":7,"17":0,"18":7,"19":7,"20":1,"21":6,"22":6,"23":1,"24":5,"25":5,"26":5,"27":0,"28":4,"29":0,"30":0,"31":0,"32":0,"33":0,"34":0,"35":0,"36":0,"37":0,"38":0,"39":0,"40":0,"41":0,"42":0,"43":0,"44":0,"45":0,"46":0,"47":0,"48":0,"49":0,"50":0,"51":0,"52":0,"53":0,"54":4,"55":1,"56":1,"57":1,"58":1,"59":1,"60":1,"61":1,"62":0,"63":1,"64":0,"65":1,"66":1,"67":1,"68":0,"69":4,"70":0,"71":0,"72":0,"73":0,"74":4,"75":1,"76":1,"77":1,"78":1,"79":1,"80":1,"81":1,"82":1,"83":1,"84":0,"85":0,"86":0,"87":4,"88":0,"89":0,"90":0,"91":0,"92":4,"93":1,"94":1,"95":1,"96":0,"97":1,"98":1,"99":1,"100":0},"f":{"0":2,"1":2,"2":7,"3":0,"4":1,"5":0,"6":1,"7":0,"8":1},"b":{"0":[0,2],"1":[1],"2":[1],"3":[1,1],"4":[0,2],"5":[0,7],"6":[1,6],"7":[1,5],"8":[5,5],"9":[0,0],"10":[0,0],"11":[0,0],"12":[0,0],"13":[0,0],"14":[0,0],"15":[0,0],"16":[0,0],"17":[0,0],"18":[0,0],"19":[0,0],"20":[0,0],"21":[0,0],"22":[1],"23":[1],"24":[1],"25":[1,0],"26":[0,1],"27":[0,1],"28":[1,0],"29":[0,1]},"inputSourceMap":null,"_coverageSchema":"1a1c01bbd47fc00a2c39e90264f33305004495a9","hash":"510402625ba8264eb09232a7e640900292f3cb51"}
,"C:\\Users\\Usuario\\Documents\\Programación Web II\\Segunda Convocatoria\\Practicas\\Practica_Final\\PRG_WEB_FINAL\\src\\controllers\\user.controller.js": {"path":"C:\\Users\\Usuario\\Documents\\Programación Web II\\Segunda Convocatoria\\Practicas\\Practica_Final\\PRG_WEB_FINAL\\src\\controllers\\user.controller.js","statementMap":{"0":{"start":{"line":9,"column":33},"end":{"line":11,"column":1}},"1":{"start":{"line":10,"column":4},"end":{"line":10,"column":66}},"2":{"start":{"line":13,"column":22},"end":{"line":19,"column":1}},"3":{"start":{"line":14,"column":4},"end":{"line":18,"column":6}},"4":{"start":{"line":21,"column":29},"end":{"line":27,"column":1}},"5":{"start":{"line":22,"column":4},"end":{"line":26,"column":6}},"6":{"start":{"line":29,"column":24},"end":{"line":72,"column":1}},"7":{"start":{"line":30,"column":4},"end":{"line":71,"column":5}},"8":{"start":{"line":31,"column":36},"end":{"line":31,"column":44}},"9":{"start":{"line":32,"column":29},"end":{"line":32,"column":58}},"10":{"start":{"line":33,"column":8},"end":{"line":35,"column":9}},"11":{"start":{"line":34,"column":12},"end":{"line":34,"column":75}},"12":{"start":{"line":36,"column":8},"end":{"line":38,"column":9}},"13":{"start":{"line":37,"column":12},"end":{"line":37,"column":149}},"14":{"start":{"line":39,"column":31},"end":{"line":39,"column":62}},"15":{"start":{"line":40,"column":33},"end":{"line":40,"column":59}},"16":{"start":{"line":41,"column":20},"end":{"line":48,"column":10}},"17":{"start":{"line":49,"column":27},"end":{"line":49,"column":46}},"18":{"start":{"line":50,"column":29},"end":{"line":50,"column":55}},"19":{"start":{"line":52,"column":8},"end":{"line":52,"column":39}},"20":{"start":{"line":53,"column":8},"end":{"line":53,"column":26}},"21":{"start":{"line":55,"column":8},"end":{"line":55,"column":93}},"22":{"start":{"line":56,"column":8},"end":{"line":68,"column":11}},"23":{"start":{"line":70,"column":8},"end":{"line":70,"column":20}},"24":{"start":{"line":74,"column":30},"end":{"line":112,"column":1}},"25":{"start":{"line":75,"column":4},"end":{"line":111,"column":5}},"26":{"start":{"line":76,"column":25},"end":{"line":76,"column":33}},"27":{"start":{"line":77,"column":21},"end":{"line":77,"column":53}},"28":{"start":{"line":78,"column":8},"end":{"line":80,"column":9}},"29":{"start":{"line":79,"column":12},"end":{"line":79,"column":68}},"30":{"start":{"line":81,"column":8},"end":{"line":83,"column":9}},"31":{"start":{"line":82,"column":12},"end":{"line":82,"column":71}},"32":{"start":{"line":85,"column":8},"end":{"line":94,"column":9}},"33":{"start":{"line":86,"column":12},"end":{"line":86,"column":43}},"34":{"start":{"line":87,"column":12},"end":{"line":87,"column":30}},"35":{"start":{"line":89,"column":12},"end":{"line":91,"column":13}},"36":{"start":{"line":90,"column":16},"end":{"line":90,"column":75}},"37":{"start":{"line":93,"column":12},"end":{"line":93,"column":66}},"38":{"start":{"line":96,"column":8},"end":{"line":96,"column":33}},"39":{"start":{"line":97,"column":8},"end":{"line":97,"column":42}},"40":{"start":{"line":98,"column":8},"end":{"line":98,"column":26}},"41":{"start":{"line":100,"column":8},"end":{"line":103,"column":11}},"42":{"start":{"line":105,"column":8},"end":{"line":108,"column":11}},"43":{"start":{"line":110,"column":8},"end":{"line":110,"column":20}},"44":{"start":{"line":114,"column":21},"end":{"line":160,"column":1}},"45":{"start":{"line":115,"column":4},"end":{"line":159,"column":5}},"46":{"start":{"line":116,"column":36},"end":{"line":116,"column":44}},"47":{"start":{"line":118,"column":21},"end":{"line":118,"column":84}},"48":{"start":{"line":119,"column":8},"end":{"line":121,"column":9}},"49":{"start":{"line":120,"column":12},"end":{"line":120,"column":75}},"50":{"start":{"line":123,"column":30},"end":{"line":123,"column":75}},"51":{"start":{"line":124,"column":8},"end":{"line":126,"column":9}},"52":{"start":{"line":125,"column":12},"end":{"line":125,"column":75}},"53":{"start":{"line":128,"column":28},"end":{"line":128,"column":47}},"54":{"start":{"line":129,"column":29},"end":{"line":129,"column":55}},"55":{"start":{"line":131,"column":8},"end":{"line":131,"column":41}},"56":{"start":{"line":132,"column":8},"end":{"line":132,"column":26}},"57":{"start":{"line":134,"column":8},"end":{"line":137,"column":11}},"58":{"start":{"line":140,"column":24},"end":{"line":140,"column":39}},"59":{"start":{"line":141,"column":8},"end":{"line":141,"column":32}},"60":{"start":{"line":142,"column":8},"end":{"line":142,"column":36}},"61":{"start":{"line":144,"column":8},"end":{"line":156,"column":11}},"62":{"start":{"line":158,"column":8},"end":{"line":158,"column":20}},"63":{"start":{"line":163,"column":34},"end":{"line":186,"column":1}},"64":{"start":{"line":164,"column":2},"end":{"line":185,"column":3}},"65":{"start":{"line":165,"column":45},"end":{"line":165,"column":53}},"66":{"start":{"line":166,"column":17},"end":{"line":170,"column":26}},"67":{"start":{"line":172,"column":4},"end":{"line":174,"column":5}},"68":{"start":{"line":173,"column":6},"end":{"line":173,"column":62}},"69":{"start":{"line":176,"column":4},"end":{"line":176,"column":86}},"70":{"start":{"line":178,"column":4},"end":{"line":182,"column":7}},"71":{"start":{"line":184,"column":4},"end":{"line":184,"column":16}},"72":{"start":{"line":188,"column":33},"end":{"line":241,"column":1}},"73":{"start":{"line":189,"column":2},"end":{"line":240,"column":3}},"74":{"start":{"line":190,"column":48},"end":{"line":190,"column":56}},"75":{"start":{"line":192,"column":24},"end":{"line":192,"column":57}},"76":{"start":{"line":193,"column":4},"end":{"line":195,"column":5}},"77":{"start":{"line":194,"column":6},"end":{"line":194,"column":62}},"78":{"start":{"line":197,"column":23},"end":{"line":197,"column":58}},"79":{"start":{"line":198,"column":24},"end":{"line":198,"column":61}},"80":{"start":{"line":199,"column":24},"end":{"line":199,"column":67}},"81":{"start":{"line":201,"column":18},"end":{"line":201,"column":60}},"82":{"start":{"line":202,"column":25},"end":{"line":202,"column":30}},"83":{"start":{"line":204,"column":4},"end":{"line":217,"column":5}},"84":{"start":{"line":205,"column":6},"end":{"line":211,"column":9}},"85":{"start":{"line":213,"column":6},"end":{"line":213,"column":33}},"86":{"start":{"line":214,"column":6},"end":{"line":214,"column":28}},"87":{"start":{"line":216,"column":6},"end":{"line":216,"column":33}},"88":{"start":{"line":219,"column":4},"end":{"line":219,"column":38}},"89":{"start":{"line":220,"column":4},"end":{"line":220,"column":29}},"90":{"start":{"line":222,"column":24},"end":{"line":224,"column":26}},"91":{"start":{"line":226,"column":4},"end":{"line":229,"column":7}},"92":{"start":{"line":231,"column":4},"end":{"line":237,"column":7}},"93":{"start":{"line":239,"column":4},"end":{"line":239,"column":16}},"94":{"start":{"line":243,"column":28},"end":{"line":266,"column":1}},"95":{"start":{"line":244,"column":2},"end":{"line":265,"column":3}},"96":{"start":{"line":245,"column":29},"end":{"line":245,"column":37}},"97":{"start":{"line":246,"column":4},"end":{"line":248,"column":5}},"98":{"start":{"line":247,"column":6},"end":{"line":247,"column":66}},"99":{"start":{"line":249,"column":20},"end":{"line":249,"column":69}},"100":{"start":{"line":250,"column":17},"end":{"line":250,"column":73}},"101":{"start":{"line":251,"column":4},"end":{"line":253,"column":5}},"102":{"start":{"line":252,"column":6},"end":{"line":252,"column":67}},"103":{"start":{"line":254,"column":24},"end":{"line":254,"column":43}},"104":{"start":{"line":255,"column":28},"end":{"line":255,"column":54}},"105":{"start":{"line":256,"column":4},"end":{"line":256,"column":40}},"106":{"start":{"line":257,"column":4},"end":{"line":257,"column":22}},"107":{"start":{"line":258,"column":4},"end":{"line":261,"column":7}},"108":{"start":{"line":262,"column":4},"end":{"line":262,"column":94}},"109":{"start":{"line":264,"column":4},"end":{"line":264,"column":16}},"110":{"start":{"line":268,"column":22},"end":{"line":284,"column":1}},"111":{"start":{"line":269,"column":4},"end":{"line":283,"column":3}},"112":{"start":{"line":270,"column":17},"end":{"line":270,"column":73}},"113":{"start":{"line":271,"column":4},"end":{"line":273,"column":5}},"114":{"start":{"line":272,"column":6},"end":{"line":272,"column":62}},"115":{"start":{"line":274,"column":4},"end":{"line":274,"column":29}},"116":{"start":{"line":275,"column":4},"end":{"line":275,"column":22}},"117":{"start":{"line":276,"column":4},"end":{"line":276,"column":89}},"118":{"start":{"line":277,"column":4},"end":{"line":280,"column":7}},"119":{"start":{"line":282,"column":4},"end":{"line":282,"column":16}},"120":{"start":{"line":286,"column":26},"end":{"line":302,"column":1}},"121":{"start":{"line":287,"column":2},"end":{"line":301,"column":3}},"122":{"start":{"line":288,"column":17},"end":{"line":288,"column":104}},"123":{"start":{"line":289,"column":4},"end":{"line":291,"column":5}},"124":{"start":{"line":290,"column":6},"end":{"line":290,"column":62}},"125":{"start":{"line":292,"column":4},"end":{"line":297,"column":7}},"126":{"start":{"line":300,"column":4},"end":{"line":300,"column":16}},"127":{"start":{"line":304,"column":29},"end":{"line":333,"column":1}},"128":{"start":{"line":305,"column":2},"end":{"line":332,"column":3}},"129":{"start":{"line":306,"column":17},"end":{"line":306,"column":50}},"130":{"start":{"line":307,"column":4},"end":{"line":309,"column":5}},"131":{"start":{"line":308,"column":6},"end":{"line":308,"column":62}},"132":{"start":{"line":311,"column":19},"end":{"line":311,"column":44}},"133":{"start":{"line":313,"column":4},"end":{"line":320,"column":5}},"134":{"start":{"line":315,"column":6},"end":{"line":315,"column":26}},"135":{"start":{"line":316,"column":6},"end":{"line":316,"column":24}},"136":{"start":{"line":319,"column":6},"end":{"line":319,"column":49}},"137":{"start":{"line":322,"column":4},"end":{"line":322,"column":86}},"138":{"start":{"line":324,"column":4},"end":{"line":329,"column":7}},"139":{"start":{"line":331,"column":4},"end":{"line":331,"column":16}},"140":{"start":{"line":335,"column":30},"end":{"line":356,"column":1}},"141":{"start":{"line":336,"column":2},"end":{"line":355,"column":3}},"142":{"start":{"line":337,"column":45},"end":{"line":337,"column":53}},"143":{"start":{"line":338,"column":17},"end":{"line":338,"column":70}},"144":{"start":{"line":339,"column":4},"end":{"line":341,"column":5}},"145":{"start":{"line":340,"column":6},"end":{"line":340,"column":62}},"146":{"start":{"line":342,"column":26},"end":{"line":342,"column":78}},"147":{"start":{"line":343,"column":4},"end":{"line":345,"column":5}},"148":{"start":{"line":344,"column":6},"end":{"line":344,"column":73}},"149":{"start":{"line":346,"column":4},"end":{"line":346,"column":55}},"150":{"start":{"line":347,"column":4},"end":{"line":347,"column":22}},"151":{"start":{"line":348,"column":4},"end":{"line":348,"column":95}},"152":{"start":{"line":349,"column":4},"end":{"line":352,"column":7}},"153":{"start":{"line":354,"column":4},"end":{"line":354,"column":16}},"154":{"start":{"line":358,"column":26},"end":{"line":417,"column":1}},"155":{"start":{"line":359,"column":2},"end":{"line":416,"column":3}},"156":{"start":{"line":360,"column":38},"end":{"line":360,"column":46}},"157":{"start":{"line":363,"column":4},"end":{"line":365,"column":5}},"158":{"start":{"line":364,"column":6},"end":{"line":364,"column":90}},"159":{"start":{"line":368,"column":4},"end":{"line":370,"column":5}},"160":{"start":{"line":369,"column":6},"end":{"line":369,"column":98}},"161":{"start":{"line":372,"column":25},"end":{"line":372,"column":54}},"162":{"start":{"line":373,"column":4},"end":{"line":375,"column":5}},"163":{"start":{"line":374,"column":6},"end":{"line":374,"column":75}},"164":{"start":{"line":378,"column":25},"end":{"line":378,"column":62}},"165":{"start":{"line":379,"column":27},"end":{"line":379,"column":62}},"166":{"start":{"line":380,"column":29},"end":{"line":380,"column":55}},"167":{"start":{"line":382,"column":20},"end":{"line":392,"column":6}},"168":{"start":{"line":394,"column":4},"end":{"line":399,"column":7}},"169":{"start":{"line":401,"column":4},"end":{"line":413,"column":7}},"170":{"start":{"line":415,"column":4},"end":{"line":415,"column":16}},"171":{"start":{"line":419,"column":33},"end":{"line":447,"column":1}},"172":{"start":{"line":420,"column":2},"end":{"line":446,"column":3}},"173":{"start":{"line":421,"column":17},"end":{"line":421,"column":70}},"174":{"start":{"line":422,"column":4},"end":{"line":424,"column":5}},"175":{"start":{"line":423,"column":6},"end":{"line":423,"column":62}},"176":{"start":{"line":425,"column":4},"end":{"line":427,"column":5}},"177":{"start":{"line":426,"column":6},"end":{"line":426,"column":83}},"178":{"start":{"line":428,"column":20},"end":{"line":428,"column":32}},"179":{"start":{"line":429,"column":4},"end":{"line":431,"column":5}},"180":{"start":{"line":430,"column":6},"end":{"line":430,"column":75}},"181":{"start":{"line":432,"column":20},"end":{"line":432,"column":87}},"182":{"start":{"line":434,"column":4},"end":{"line":434,"column":27}},"183":{"start":{"line":435,"column":4},"end":{"line":435,"column":25}},"184":{"start":{"line":436,"column":4},"end":{"line":436,"column":118}},"185":{"start":{"line":437,"column":4},"end":{"line":443,"column":7}},"186":{"start":{"line":445,"column":4},"end":{"line":445,"column":16}}},"fnMap":{"0":{"name":"(anonymous_0)","decl":{"start":{"line":9,"column":33},"end":{"line":9,"column":34}},"loc":{"start":{"line":9,"column":39},"end":{"line":11,"column":1}},"line":9},"1":{"name":"(anonymous_1)","decl":{"start":{"line":13,"column":22},"end":{"line":13,"column":23}},"loc":{"start":{"line":13,"column":32},"end":{"line":19,"column":1}},"line":13},"2":{"name":"(anonymous_2)","decl":{"start":{"line":21,"column":29},"end":{"line":21,"column":30}},"loc":{"start":{"line":21,"column":39},"end":{"line":27,"column":1}},"line":21},"3":{"name":"(anonymous_3)","decl":{"start":{"line":29,"column":24},"end":{"line":29,"column":25}},"loc":{"start":{"line":29,"column":50},"end":{"line":72,"column":1}},"line":29},"4":{"name":"(anonymous_4)","decl":{"start":{"line":74,"column":30},"end":{"line":74,"column":31}},"loc":{"start":{"line":74,"column":56},"end":{"line":112,"column":1}},"line":74},"5":{"name":"(anonymous_5)","decl":{"start":{"line":114,"column":21},"end":{"line":114,"column":22}},"loc":{"start":{"line":114,"column":47},"end":{"line":160,"column":1}},"line":114},"6":{"name":"(anonymous_6)","decl":{"start":{"line":163,"column":34},"end":{"line":163,"column":35}},"loc":{"start":{"line":163,"column":60},"end":{"line":186,"column":1}},"line":163},"7":{"name":"(anonymous_7)","decl":{"start":{"line":188,"column":33},"end":{"line":188,"column":34}},"loc":{"start":{"line":188,"column":59},"end":{"line":241,"column":1}},"line":188},"8":{"name":"(anonymous_8)","decl":{"start":{"line":243,"column":28},"end":{"line":243,"column":29}},"loc":{"start":{"line":243,"column":54},"end":{"line":266,"column":1}},"line":243},"9":{"name":"(anonymous_9)","decl":{"start":{"line":268,"column":22},"end":{"line":268,"column":23}},"loc":{"start":{"line":268,"column":48},"end":{"line":284,"column":1}},"line":268},"10":{"name":"(anonymous_10)","decl":{"start":{"line":286,"column":26},"end":{"line":286,"column":27}},"loc":{"start":{"line":286,"column":52},"end":{"line":302,"column":1}},"line":286},"11":{"name":"(anonymous_11)","decl":{"start":{"line":304,"column":29},"end":{"line":304,"column":30}},"loc":{"start":{"line":304,"column":55},"end":{"line":333,"column":1}},"line":304},"12":{"name":"(anonymous_12)","decl":{"start":{"line":335,"column":30},"end":{"line":335,"column":31}},"loc":{"start":{"line":335,"column":56},"end":{"line":356,"column":1}},"line":335},"13":{"name":"(anonymous_13)","decl":{"start":{"line":358,"column":26},"end":{"line":358,"column":27}},"loc":{"start":{"line":358,"column":52},"end":{"line":417,"column":1}},"line":358},"14":{"name":"(anonymous_14)","decl":{"start":{"line":419,"column":33},"end":{"line":419,"column":34}},"loc":{"start":{"line":419,"column":59},"end":{"line":447,"column":1}},"line":419}},"branchMap":{"0":{"loc":{"start":{"line":15,"column":51},"end":{"line":15,"column":71}},"type":"binary-expr","locations":[{"start":{"line":15,"column":51},"end":{"line":15,"column":63}},{"start":{"line":15,"column":67},"end":{"line":15,"column":71}}],"line":15},"1":{"loc":{"start":{"line":33,"column":8},"end":{"line":35,"column":9}},"type":"if","locations":[{"start":{"line":33,"column":8},"end":{"line":35,"column":9}},{"start":{},"end":{}}],"line":33},"2":{"loc":{"start":{"line":33,"column":12},"end":{"line":33,"column":62}},"type":"binary-expr","locations":[{"start":{"line":33,"column":12},"end":{"line":33,"column":24}},{"start":{"line":33,"column":28},"end":{"line":33,"column":62}}],"line":33},"3":{"loc":{"start":{"line":36,"column":8},"end":{"line":38,"column":9}},"type":"if","locations":[{"start":{"line":36,"column":8},"end":{"line":38,"column":9}},{"start":{},"end":{}}],"line":36},"4":{"loc":{"start":{"line":36,"column":12},"end":{"line":36,"column":62}},"type":"binary-expr","locations":[{"start":{"line":36,"column":12},"end":{"line":36,"column":24}},{"start":{"line":36,"column":28},"end":{"line":36,"column":62}}],"line":36},"5":{"loc":{"start":{"line":78,"column":8},"end":{"line":80,"column":9}},"type":"if","locations":[{"start":{"line":78,"column":8},"end":{"line":80,"column":9}},{"start":{},"end":{}}],"line":78},"6":{"loc":{"start":{"line":81,"column":8},"end":{"line":83,"column":9}},"type":"if","locations":[{"start":{"line":81,"column":8},"end":{"line":83,"column":9}},{"start":{},"end":{}}],"line":81},"7":{"loc":{"start":{"line":85,"column":8},"end":{"line":94,"column":9}},"type":"if","locations":[{"start":{"line":85,"column":8},"end":{"line":94,"column":9}},{"start":{},"end":{}}],"line":85},"8":{"loc":{"start":{"line":89,"column":12},"end":{"line":91,"column":13}},"type":"if","locations":[{"start":{"line":89,"column":12},"end":{"line":91,"column":13}},{"start":{},"end":{}}],"line":89},"9":{"loc":{"start":{"line":119,"column":8},"end":{"line":121,"column":9}},"type":"if","locations":[{"start":{"line":119,"column":8},"end":{"line":121,"column":9}},{"start":{},"end":{}}],"line":119},"10":{"loc":{"start":{"line":124,"column":8},"end":{"line":126,"column":9}},"type":"if","locations":[{"start":{"line":124,"column":8},"end":{"line":126,"column":9}},{"start":{},"end":{}}],"line":124},"11":{"loc":{"start":{"line":168,"column":33},"end":{"line":168,"column":55}},"type":"binary-expr","locations":[{"start":{"line":168,"column":33},"end":{"line":168,"column":40}},{"start":{"line":168,"column":44},"end":{"line":168,"column":55}}],"line":168},"12":{"loc":{"start":{"line":172,"column":4},"end":{"line":174,"column":5}},"type":"if","locations":[{"start":{"line":172,"column":4},"end":{"line":174,"column":5}},{"start":{},"end":{}}],"line":172},"13":{"loc":{"start":{"line":193,"column":4},"end":{"line":195,"column":5}},"type":"if","locations":[{"start":{"line":193,"column":4},"end":{"line":195,"column":5}},{"start":{},"end":{}}],"line":193},"14":{"loc":{"start":{"line":197,"column":23},"end":{"line":197,"column":58}},"type":"cond-expr","locations":[{"start":{"line":197,"column":37},"end":{"line":197,"column":52}},{"start":{"line":197,"column":55},"end":{"line":197,"column":58}}],"line":197},"15":{"loc":{"start":{"line":198,"column":24},"end":{"line":198,"column":61}},"type":"cond-expr","locations":[{"start":{"line":198,"column":38},"end":{"line":198,"column":54}},{"start":{"line":198,"column":57},"end":{"line":198,"column":61}}],"line":198},"16":{"loc":{"start":{"line":199,"column":24},"end":{"line":199,"column":67}},"type":"cond-expr","locations":[{"start":{"line":199,"column":38},"end":{"line":199,"column":57}},{"start":{"line":199,"column":60},"end":{"line":199,"column":67}}],"line":199},"17":{"loc":{"start":{"line":204,"column":4},"end":{"line":217,"column":5}},"type":"if","locations":[{"start":{"line":204,"column":4},"end":{"line":217,"column":5}},{"start":{"line":215,"column":11},"end":{"line":217,"column":5}}],"line":204},"18":{"loc":{"start":{"line":210,"column":21},"end":{"line":210,"column":41}},"type":"binary-expr","locations":[{"start":{"line":210,"column":21},"end":{"line":210,"column":32}},{"start":{"line":210,"column":36},"end":{"line":210,"column":41}}],"line":210},"19":{"loc":{"start":{"line":233,"column":15},"end":{"line":235,"column":43}},"type":"cond-expr","locations":[{"start":{"line":234,"column":10},"end":{"line":234,"column":41}},{"start":{"line":235,"column":10},"end":{"line":235,"column":43}}],"line":233},"20":{"loc":{"start":{"line":246,"column":4},"end":{"line":248,"column":5}},"type":"if","locations":[{"start":{"line":246,"column":4},"end":{"line":248,"column":5}},{"start":{},"end":{}}],"line":246},"21":{"loc":{"start":{"line":251,"column":4},"end":{"line":253,"column":5}},"type":"if","locations":[{"start":{"line":251,"column":4},"end":{"line":253,"column":5}},{"start":{},"end":{}}],"line":251},"22":{"loc":{"start":{"line":251,"column":8},"end":{"line":251,"column":51}},"type":"binary-expr","locations":[{"start":{"line":251,"column":8},"end":{"line":251,"column":13}},{"start":{"line":251,"column":17},"end":{"line":251,"column":51}}],"line":251},"23":{"loc":{"start":{"line":271,"column":4},"end":{"line":273,"column":5}},"type":"if","locations":[{"start":{"line":271,"column":4},"end":{"line":273,"column":5}},{"start":{},"end":{}}],"line":271},"24":{"loc":{"start":{"line":289,"column":4},"end":{"line":291,"column":5}},"type":"if","locations":[{"start":{"line":289,"column":4},"end":{"line":291,"column":5}},{"start":{},"end":{}}],"line":289},"25":{"loc":{"start":{"line":307,"column":4},"end":{"line":309,"column":5}},"type":"if","locations":[{"start":{"line":307,"column":4},"end":{"line":309,"column":5}},{"start":{},"end":{}}],"line":307},"26":{"loc":{"start":{"line":313,"column":4},"end":{"line":320,"column":5}},"type":"if","locations":[{"start":{"line":313,"column":4},"end":{"line":320,"column":5}},{"start":{"line":317,"column":11},"end":{"line":320,"column":5}}],"line":313},"27":{"loc":{"start":{"line":326,"column":15},"end":{"line":328,"column":56}},"type":"cond-expr","locations":[{"start":{"line":327,"column":10},"end":{"line":327,"column":58}},{"start":{"line":328,"column":10},"end":{"line":328,"column":56}}],"line":326},"28":{"loc":{"start":{"line":339,"column":4},"end":{"line":341,"column":5}},"type":"if","locations":[{"start":{"line":339,"column":4},"end":{"line":341,"column":5}},{"start":{},"end":{}}],"line":339},"29":{"loc":{"start":{"line":343,"column":4},"end":{"line":345,"column":5}},"type":"if","locations":[{"start":{"line":343,"column":4},"end":{"line":345,"column":5}},{"start":{},"end":{}}],"line":343},"30":{"loc":{"start":{"line":363,"column":4},"end":{"line":365,"column":5}},"type":"if","locations":[{"start":{"line":363,"column":4},"end":{"line":365,"column":5}},{"start":{},"end":{}}],"line":363},"31":{"loc":{"start":{"line":368,"column":4},"end":{"line":370,"column":5}},"type":"if","locations":[{"start":{"line":368,"column":4},"end":{"line":370,"column":5}},{"start":{},"end":{}}],"line":368},"32":{"loc":{"start":{"line":373,"column":4},"end":{"line":375,"column":5}},"type":"if","locations":[{"start":{"line":373,"column":4},"end":{"line":375,"column":5}},{"start":{},"end":{}}],"line":373},"33":{"loc":{"start":{"line":384,"column":16},"end":{"line":384,"column":26}},"type":"binary-expr","locations":[{"start":{"line":384,"column":16},"end":{"line":384,"column":20}},{"start":{"line":384,"column":24},"end":{"line":384,"column":26}}],"line":384},"34":{"loc":{"start":{"line":385,"column":16},"end":{"line":385,"column":30}},"type":"binary-expr","locations":[{"start":{"line":385,"column":16},"end":{"line":385,"column":24}},{"start":{"line":385,"column":28},"end":{"line":385,"column":30}}],"line":385},"35":{"loc":{"start":{"line":422,"column":4},"end":{"line":424,"column":5}},"type":"if","locations":[{"start":{"line":422,"column":4},"end":{"line":424,"column":5}},{"start":{},"end":{}}],"line":422},"36":{"loc":{"start":{"line":425,"column":4},"end":{"line":427,"column":5}},"type":"if","locations":[{"start":{"line":425,"column":4},"end":{"line":427,"column":5}},{"start":{},"end":{}}],"line":425},"37":{"loc":{"start":{"line":429,"column":4},"end":{"line":431,"column":5}},"type":"if","locations":[{"start":{"line":429,"column":4},"end":{"line":431,"column":5}},{"start":{},"end":{}}],"line":429}},"s":{"0":4,"1":1,"2":4,"3":2,"4":4,"5":2,"6":4,"7":2,"8":2,"9":2,"10":2,"11":1,"12":1,"13":0,"14":1,"15":1,"16":1,"17":1,"18":1,"19":1,"20":1,"21":1,"22":1,"23":0,"24":4,"25":0,"26":0,"27":0,"28":0,"29":0,"30":0,"31":0,"32":0,"33":0,"34":0,"35":0,"36":0,"37":0,"38":0,"39":0,"40":0,"41":0,"42":0,"43":0,"44":4,"45":2,"46":2,"47":2,"48":2,"49":0,"50":2,"51":2,"52":1,"53":1,"54":1,"55":1,"56":1,"57":1,"58":1,"59":1,"60":1,"61":1,"62":0,"63":4,"64":0,"65":0,"66":0,"67":0,"68":0,"69":0,"70":0,"71":0,"72":4,"73":0,"74":0,"75":0,"76":0,"77":0,"78":0,"79":0,"80":0,"81":0,"82":0,"83":0,"84":0,"85":0,"86":0,"87":0,"88":0,"89":0,"90":0,"91":0,"92":0,"93":0,"94":4,"95":0,"96":0,"97":0,"98":0,"99":0,"100":0,"101":0,"102":0,"103":0,"104":0,"105":0,"106":0,"107":0,"108":0,"109":0,"110":4,"111":0,"112":0,"113":0,"114":0,"115":0,"116":0,"117":0,"118":0,"119":0,"120":4,"121":1,"122":1,"123":1,"124":0,"125":1,"126":0,"127":4,"128":0,"129":0,"130":0,"131":0,"132":0,"133":0,"134":0,"135":0,"136":0,"137":0,"138":0,"139":0,"140":4,"141":0,"142":0,"143":0,"144":0,"145":0,"146":0,"147":0,"148":0,"149":0,"150":0,"151":0,"152":0,"153":0,"154":4,"155":0,"156":0,"157":0,"158":0,"159":0,"160":0,"161":0,"162":0,"163":0,"164":0,"165":0,"166":0,"167":0,"168":0,"169":0,"170":0,"171":4,"172":0,"173":0,"174":0,"175":0,"176":0,"177":0,"178":0,"179":0,"180":0,"181":0,"182":0,"183":0,"184":0,"185":0,"186":0},"f":{"0":1,"1":2,"2":2,"3":2,"4":0,"5":2,"6":0,"7":0,"8":0,"9":0,"10":1,"11":0,"12":0,"13":0,"14":0},"b":{"0":[2,1],"1":[1,1],"2":[2,1],"3":[0,1],"4":[1,0],"5":[0,0],"6":[0,0],"7":[0,0],"8":[0,0],"9":[0,2],"10":[1,1],"11":[0,0],"12":[0,0],"13":[0,0],"14":[0,0],"15":[0,0],"16":[0,0],"17":[0,0],"18":[0,0],"19":[0,0],"20":[0,0],"21":[0,0],"22":[0,0],"23":[0,0],"24":[0,1],"25":[0,0],"26":[0,0],"27":[0,0],"28":[0,0],"29":[0,0],"30":[0,0],"31":[0,0],"32":[0,0],"33":[0,0],"34":[0,0],"35":[0,0],"36":[0,0],"37":[0,0]},"inputSourceMap":null,"_coverageSchema":"1a1c01bbd47fc00a2c39e90264f33305004495a9","hash":"8cf3af3433b7c2a87504d2a437d0dc8daacb73b1"}
[...]
line":92,"column":5}},{"start":{},"end":{}}],"line":88},"14":{"loc":{"start":{"line":91,"column":17},"end":{"line":91,"column":49}},"type":"cond-expr","locations":[{"start":{"line":91,"column":43},"end":{"line":91,"column":45}},{"start":{"line":91,"column":48},"end":{"line":91,"column":49}}],"line":91},"15":{"loc":{"start":{"line":94,"column":4},"end":{"line":126,"column":5}},"type":"if","locations":[{"start":{"line":94,"column":4},"end":{"line":126,"column":5}},{"start":{"line":121,"column":11},"end":{"line":126,"column":5}}],"line":94},"16":{"loc":{"start":{"line":96,"column":40},"end":{"line":96,"column":50}},"type":"binary-expr","locations":[{"start":{"line":96,"column":40},"end":{"line":96,"column":45}},{"start":{"line":96,"column":49},"end":{"line":96,"column":50}}],"line":96},"17":{"loc":{"start":{"line":99,"column":6},"end":{"line":120,"column":7}},"type":"if","locations":[{"start":{"line":99,"column":6},"end":{"line":120,"column":7}},{"start":{},"end":{}}],"line":99},"18":{"loc":{"start":{"line":99,"column":10},"end":{"line":99,"column":39}},"type":"binary-expr","locations":[{"start":{"line":99,"column":10},"end":{"line":99,"column":17}},{"start":{"line":99,"column":21},"end":{"line":99,"column":39}}],"line":99},"19":{"loc":{"start":{"line":108,"column":40},"end":{"line":108,"column":78}},"type":"cond-expr","locations":[{"start":{"line":108,"column":54},"end":{"line":108,"column":63}},{"start":{"line":108,"column":66},"end":{"line":108,"column":78}}],"line":108},"20":{"loc":{"start":{"line":112,"column":18},"end":{"line":112,"column":31}},"type":"binary-expr","locations":[{"start":{"line":112,"column":18},"end":{"line":112,"column":24}},{"start":{"line":112,"column":28},"end":{"line":112,"column":31}}],"line":112},"21":{"loc":{"start":{"line":113,"column":21},"end":{"line":113,"column":33}},"type":"binary-expr","locations":[{"start":{"line":113,"column":21},"end":{"line":113,"column":28}},{"start":{"line":113,"column":32},"end":{"line":113,"column":33}}],"line":113},"22":{"loc":{"start":{"line":118,"column":78},"end":{"line":118,"column":88}},"type":"binary-expr","locations":[{"start":{"line":118,"column":78},"end":{"line":118,"column":83}},{"start":{"line":118,"column":87},"end":{"line":118,"column":88}}],"line":118},"23":{"loc":{"start":{"line":123,"column":34},"end":{"line":123,"column":49}},"type":"binary-expr","locations":[{"start":{"line":123,"column":34},"end":{"line":123,"column":42}},{"start":{"line":123,"column":46},"end":{"line":123,"column":49}}],"line":123},"24":{"loc":{"start":{"line":124,"column":37},"end":{"line":124,"column":50}},"type":"binary-expr","locations":[{"start":{"line":124,"column":37},"end":{"line":124,"column":45}},{"start":{"line":124,"column":49},"end":{"line":124,"column":50}}],"line":124},"25":{"loc":{"start":{"line":124,"column":54},"end":{"line":124,"column":64}},"type":"binary-expr","locations":[{"start":{"line":124,"column":54},"end":{"line":124,"column":58}},{"start":{"line":124,"column":62},"end":{"line":124,"column":64}}],"line":124},"26":{"loc":{"start":{"line":133,"column":4},"end":{"line":145,"column":5}},"type":"if","locations":[{"start":{"line":133,"column":4},"end":{"line":145,"column":5}},{"start":{"line":141,"column":11},"end":{"line":145,"column":5}}],"line":133}},"s":{"0":4,"1":4,"2":4,"3":4,"4":8,"5":8,"6":4,"7":1,"8":1,"9":1,"10":1,"11":61,"12":1,"13":1,"14":1,"15":1,"16":1,"17":1,"18":1,"19":1,"20":1,"21":1,"22":1,"23":1,"24":0,"25":1,"26":1,"27":1,"28":1,"29":1,"30":1,"31":1,"32":1,"33":1,"34":1,"35":1,"36":1,"37":1,"38":1,"39":1,"40":1,"41":0,"42":0,"43":0,"44":1,"45":0,"46":0,"47":0,"48":0,"49":0,"50":0,"51":0,"52":0,"53":0,"54":0,"55":0,"56":0,"57":0,"58":0,"59":0,"60":0,"61":1,"62":1,"63":1,"64":1,"65":1,"66":1,"67":1,"68":1,"69":1,"70":0,"71":0,"72":0,"73":0,"74":0,"75":1,"76":1,"77":1,"78":1,"79":1,"80":1,"81":4,"82":0,"83":0,"84":0},"f":{"0":4,"1":8,"2":1,"3":1,"4":61,"5":1,"6":0,"7":0},"b":{"0":[4],"1":[8,0],"2":[1,0],"3":[1,0],"4":[1,0],"5":[0,1],"6":[1,0],"7":[1,0],"8":[1,0],"9":[1,0],"10":[1,0],"11":[1,0],"12":[1,0],"13":[0,1],"14":[0,0],"15":[0,1],"16":[0,0],"17":[0,0],"18":[0,0],"19":[0,0],"20":[0,0],"21":[0,0],"22":[0,0],"23":[1,0],"24":[1,0],"25":[1,0],"26":[0,1]},"inputSourceMap":null,"_coverageSchema":"1a1c01bbd47fc00a2c39e90264f33305004495a9","hash":"bf43e22f5b063e22aba77271ea5a31803a982c40"}
,"C:\\Users\\Usuario\\Documents\\Programación Web II\\Segunda Convocatoria\\Practicas\\Practica_Final\\PRG_WEB_FINAL\\src\\services\\storage.service.js": {"path":"C:\\Users\\Usuario\\Documents\\Programación Web II\\Segunda Convocatoria\\Practicas\\Practica_Final\\PRG_WEB_FINAL\\src\\services\\storage.service.js","statementMap":{"0":{"start":{"line":4,"column":0},"end":{"line":8,"column":3}},"1":{"start":{"line":10,"column":21},"end":{"line":25,"column":4}},"2":{"start":{"line":11,"column":2},"end":{"line":25,"column":4}},"3":{"start":{"line":12,"column":25},"end":{"line":23,"column":5}},"4":{"start":{"line":20,"column":8},"end":{"line":20,"column":40}},"5":{"start":{"line":20,"column":19},"end":{"line":20,"column":40}},"6":{"start":{"line":21,"column":8},"end":{"line":21,"column":24}},"7":{"start":{"line":24,"column":4},"end":{"line":24,"column":29}},"8":{"start":{"line":27,"column":36},"end":{"line":30,"column":1}},"9":{"start":{"line":28,"column":17},"end":{"line":28,"column":75}},"10":{"start":{"line":29,"column":2},"end":{"line":29,"column":64}},"11":{"start":{"line":32,"column":37},"end":{"line":35,"column":1}},"12":{"start":{"line":33,"column":17},"end":{"line":33,"column":67}},"13":{"start":{"line":34,"column":2},"end":{"line":34,"column":64}},"14":{"start":{"line":37,"column":32},"end":{"line":40,"column":1}},"15":{"start":{"line":38,"column":17},"end":{"line":38,"column":70}},"16":{"start":{"line":39,"column":2},"end":{"line":39,"column":64}},"17":{"start":{"line":42,"column":36},"end":{"line":48,"column":1}},"18":{"start":{"line":43,"column":2},"end":{"line":47,"column":3}},"19":{"start":{"line":44,"column":4},"end":{"line":44,"column":81}},"20":{"start":{"line":46,"column":4},"end":{"line":46,"column":66}}},"fnMap":{"0":{"name":"(anonymous_0)","decl":{"start":{"line":10,"column":21},"end":{"line":10,"column":22}},"loc":{"start":{"line":11,"column":2},"end":{"line":25,"column":4}},"line":11},"1":{"name":"(anonymous_1)","decl":{"start":{"line":11,"column":14},"end":{"line":11,"column":15}},"loc":{"start":{"line":11,"column":35},"end":{"line":25,"column":3}},"line":11},"2":{"name":"(anonymous_2)","decl":{"start":{"line":19,"column":6},"end":{"line":19,"column":7}},"loc":{"start":{"line":19,"column":25},"end":{"line":22,"column":7}},"line":19},"3":{"name":"(anonymous_3)","decl":{"start":{"line":27,"column":36},"end":{"line":27,"column":37}},"loc":{"start":{"line":27,"column":54},"end":{"line":30,"column":1}},"line":27},"4":{"name":"(anonymous_4)","decl":{"start":{"line":32,"column":37},"end":{"line":32,"column":38}},"loc":{"start":{"line":32,"column":55},"end":{"line":35,"column":1}},"line":32},"5":{"name":"(anonymous_5)","decl":{"start":{"line":37,"column":32},"end":{"line":37,"column":33}},"loc":{"start":{"line":37,"column":50},"end":{"line":40,"column":1}},"line":37},"6":{"name":"(anonymous_6)","decl":{"start":{"line":42,"column":36},"end":{"line":42,"column":37}},"loc":{"start":{"line":42,"column":80},"end":{"line":48,"column":1}},"line":42}},"branchMap":{"0":{"loc":{"start":{"line":10,"column":38},"end":{"line":10,"column":60}},"type":"default-arg","locations":[{"start":{"line":10,"column":53},"end":{"line":10,"column":60}}],"line":10},"1":{"loc":{"start":{"line":20,"column":8},"end":{"line":20,"column":40}},"type":"if","locations":[{"start":{"line":20,"column":8},"end":{"line":20,"column":40}},{"start":{},"end":{}}],"line":20},"2":{"loc":{"start":{"line":42,"column":53},"end":{"line":42,"column":75}},"type":"default-arg","locations":[{"start":{"line":42,"column":68},"end":{"line":42,"column":75}}],"line":42}},"s":{"0":4,"1":4,"2":0,"3":0,"4":0,"5":0,"6":0,"7":0,"8":4,"9":0,"10":0,"11":4,"12":0,"13":0,"14":4,"15":0,"16":0,"17":4,"18":0,"19":0,"20":0},"f":{"0":0,"1":0,"2":0,"3":0,"4":0,"5":0,"6":0},"b":{"0":[0],"1":[0,0],"2":[0]},"inputSourceMap":null,"_coverageSchema":"1a1c01bbd47fc00a2c39e90264f33305004495a9","hash":"fe685e2cf148d1775938a0c4f63f8d483e06d182"}
,"C:\\Users\\Usuario\\Documents\\Programación Web II\\Segunda Convocatoria\\Practicas\\Practica_Final\\PRG_WEB_FINAL\\src\\utils\\AppError.js": {"path":"C:\\Users\\Usuario\\Documents\\Programación Web II\\Segunda Convocatoria\\Practicas\\Practica_Final\\PRG_WEB_FINAL\\src\\utils\\AppError.js","statementMap":{"0":{"start":{"line":3,"column":4},"end":{"line":3,"column":19}},"1":{"start":{"line":4,"column":4},"end":{"line":4,"column":27}},"2":{"start":{"line":5,"column":4},"end":{"line":5,"column":33}},"3":{"start":{"line":6,"column":4},"end":{"line":6,"column":27}},"4":{"start":{"line":7,"column":4},"end":{"line":7,"column":30}},"5":{"start":{"line":8,"column":4},"end":{"line":8,"column":52}},"6":{"start":{"line":12,"column":4},"end":{"line":12,"column":47}},"7":{"start":{"line":16,"column":4},"end":{"line":16,"column":38}},"8":{"start":{"line":20,"column":4},"end":{"line":20,"column":38}},"9":{"start":{"line":24,"column":4},"end":{"line":24,"column":38}},"10":{"start":{"line":28,"column":4},"end":{"line":28,"column":38}},"11":{"start":{"line":32,"column":4},"end":{"line":32,"column":38}},"12":{"start":{"line":36,"column":4},"end":{"line":36,"column":38}}},"fnMap":{"0":{"name":"(anonymous_0)","decl":{"start":{"line":2,"column":2},"end":{"line":2,"column":3}},"loc":{"start":{"line":2,"column":57},"end":{"line":9,"column":3}},"line":2},"1":{"name":"(anonymous_1)","decl":{"start":{"line":11,"column":2},"end":{"line":11,"column":3}},"loc":{"start":{"line":11,"column":68},"end":{"line":13,"column":3}},"line":11},"2":{"name":"(anonymous_2)","decl":{"start":{"line":15,"column":2},"end":{"line":15,"column":3}},"loc":{"start":{"line":15,"column":50},"end":{"line":17,"column":3}},"line":15},"3":{"name":"(anonymous_3)","decl":{"start":{"line":19,"column":2},"end":{"line":19,"column":3}},"loc":{"start":{"line":19,"column":46},"end":{"line":21,"column":3}},"line":19},"4":{"name":"(anonymous_4)","decl":{"start":{"line":23,"column":2},"end":{"line":23,"column":3}},"loc":{"start":{"line":23,"column":53},"end":{"line":25,"column":3}},"line":23},"5":{"name":"(anonymous_5)","decl":{"start":{"line":27,"column":2},"end":{"line":27,"column":3}},"loc":{"start":{"line":27,"column":50},"end":{"line":29,"column":3}},"line":27},"6":{"name":"(anonymous_6)","decl":{"start":{"line":31,"column":2},"end":{"line":31,"column":3}},"loc":{"start":{"line":31,"column":61},"end":{"line":33,"column":3}},"line":31},"7":{"name":"(anonymous_7)","decl":{"start":{"line":35,"column":2},"end":{"line":35,"column":3}},"loc":{"start":{"line":35,"column":58},"end":{"line":37,"column":3}},"line":35}},"branchMap":{"0":{"loc":{"start":{"line":2,"column":23},"end":{"line":2,"column":39}},"type":"default-arg","locations":[{"start":{"line":2,"column":36},"end":{"line":2,"column":39}}],"line":2},"1":{"loc":{"start":{"line":2,"column":41},"end":{"line":2,"column":55}},"type":"default-arg","locations":[{"start":{"line":2,"column":51},"end":{"line":2,"column":55}}],"line":2},"2":{"loc":{"start":{"line":11,"column":20},"end":{"line":11,"column":50}},"type":"default-arg","locations":[{"start":{"line":11,"column":30},"end":{"line":11,"column":50}}],"line":11},"3":{"loc":{"start":{"line":11,"column":52},"end":{"line":11,"column":66}},"type":"default-arg","locations":[{"start":{"line":11,"column":62},"end":{"line":11,"column":66}}],"line":11},"4":{"loc":{"start":{"line":15,"column":22},"end":{"line":15,"column":48}},"type":"default-arg","locations":[{"start":{"line":15,"column":32},"end":{"line":15,"column":48}}],"line":15},"5":{"loc":{"start":{"line":19,"column":19},"end":{"line":19,"column":44}},"type":"default-arg","locations":[{"start":{"line":19,"column":29},"end":{"line":19,"column":44}}],"line":19},"6":{"loc":{"start":{"line":23,"column":18},"end":{"line":23,"column":51}},"type":"default-arg","locations":[{"start":{"line":23,"column":28},"end":{"line":23,"column":51}}],"line":23},"7":{"loc":{"start":{"line":27,"column":18},"end":{"line":27,"column":48}},"type":"default-arg","locations":[{"start":{"line":27,"column":28},"end":{"line":27,"column":48}}],"line":27},"8":{"loc":{"start":{"line":31,"column":25},"end":{"line":31,"column":59}},"type":"default-arg","locations":[{"start":{"line":31,"column":35},"end":{"line":31,"column":59}}],"line":31},"9":{"loc":{"start":{"line":35,"column":18},"end":{"line":35,"column":56}},"type":"default-arg","locations":[{"start":{"line":35,"column":28},"end":{"line":35,"column":56}}],"line":35}},"s":{"0":12,"1":12,"2":12,"3":12,"4":12,"5":12,"6":5,"7":3,"8":0,"9":1,"10":3,"11":0,"12":0},"f":{"0":12,"1":5,"2":3,"3":0,"4":1,"5":3,"6":0,"7":0},"b":{"0":[0],"1":[7],"2":[0],"3":[3],"4":[0],"5":[0],"6":[0],"7":[0],"8":[0],"9":[0]},"inputSourceMap":null,"_coverageSchema":"1a1c01bbd47fc00a2c39e90264f33305004495a9","hash":"c4c3b4430bd204ba0ababdf21f8a354ba0f932e6"}
,"C:\\Users\\Usuario\\Documents\\Programación Web II\\Segunda Convocatoria\\Practicas\\Practica_Final\\PRG_WEB_FINAL\\src\\validators\\client.validator.js": {"path":"C:\\Users\\Usuario\\Documents\\Programación Web II\\Segunda Convocatoria\\Practicas\\Practica_Final\\PRG_WEB_FINAL\\src\\validators\\client.validator.js","statementMap":{"0":{"start":{"line":3,"column":26},"end":{"line":3,"column":90}},"1":{"start":{"line":5,"column":25},"end":{"line":13,"column":13}},"2":{"start":{"line":15,"column":37},"end":{"line":23,"column":2}},"3":{"start":{"line":25,"column":37},"end":{"line":34,"column":2}},"4":{"start":{"line":36,"column":33},"end":{"line":38,"column":2}},"5":{"start":{"line":40,"column":36},"end":{"line":47,"column":2}}},"fnMap":{},"branchMap":{},"s":{"0":4,"1":4,"2":4,"3":4,"4":4,"5":4},"f":{},"b":{},"inputSourceMap":null,"_coverageSchema":"1a1c01bbd47fc00a2c39e90264f33305004495a9","hash":"f4a2de78eb87b9037a20bdeba768f7588ea99d74"}
,"C:\\Users\\Usuario\\Documents\\Programación Web II\\Segunda Convocatoria\\Practicas\\Practica_Final\\PRG_WEB_FINAL\\src\\validators\\deliverynote.validator.js": {"path":"C:\\Users\\Usuario\\Documents\\Programación Web II\\Segunda Convocatoria\\Practicas\\Practica_Final\\PRG_WEB_FINAL\\src\\validators\\deliverynote.validator.js","statementMap":{"0":{"start":{"line":3,"column":26},"end":{"line":3,"column":90}},"1":{"start":{"line":5,"column":24},"end":{"line":8,"column":2}},"2":{"start":{"line":10,"column":29},"end":{"line":21,"column":1}},"3":{"start":{"line":23,"column":43},"end":{"line":25,"column":2}},"4":{"start":{"line":27,"column":43},"end":{"line":34,"column":2}},"5":{"start":{"line":30,"column":66},"end":{"line":30,"column":90}},"6":{"start":{"line":36,"column":39},"end":{"line":38,"column":2}},"7":{"start":{"line":40,"column":42},"end":{"line":55,"column":2}},"8":{"start":{"line":49,"column":28},"end":{"line":49,"column":44}}},"fnMap":{"0":{"name":"(anonymous_0)","decl":{"start":{"line":30,"column":47},"end":{"line":30,"column":48}},"loc":{"start":{"line":30,"column":66},"end":{"line":30,"column":90}},"line":30},"1":{"name":"(anonymous_1)","decl":{"start":{"line":49,"column":17},"end":{"line":49,"column":18}},"loc":{"start":{"line":49,"column":28},"end":{"line":49,"column":44}},"line":49}},"branchMap":{},"s":{"0":4,"1":4,"2":4,"3":4,"4":4,"5":40,"6":4,"7":4,"8":1},"f":{"0":40,"1":1},"b":{},"inputSourceMap":null,"_coverageSchema":"1a1c01bbd47fc00a2c39e90264f33305004495a9","hash":"a4f66d84590207a8d71373b6843229d3f21ea996"}
,"C:\\Users\\Usuario\\Documents\\Programación Web II\\Segunda Convocatoria\\Practicas\\Practica_Final\\PRG_WEB_FINAL\\src\\validators\\project.validator.js": {"path":"C:\\Users\\Usuario\\Documents\\Programación Web II\\Segunda Convocatoria\\Practicas\\Practica_Final\\PRG_WEB_FINAL\\src\\validators\\project.validator.js","statementMap":{"0":{"start":{"line":3,"column":22},"end":{"line":9,"column":2}},"1":{"start":{"line":11,"column":17},"end":{"line":11,"column":70}},"2":{"start":{"line":13,"column":38},"end":{"line":23,"column":2}},"3":{"start":{"line":25,"column":38},"end":{"line":36,"column":2}},"4":{"start":{"line":38,"column":34},"end":{"line":40,"column":2}},"5":{"start":{"line":42,"column":37},"end":{"line":54,"column":2}},"6":{"start":{"line":50,"column":28},"end":{"line":50,"column":44}}},"fnMap":{"0":{"name":"(anonymous_0)","decl":{"start":{"line":50,"column":17},"end":{"line":50,"column":18}},"loc":{"start":{"line":50,"column":28},"end":{"line":50,"column":44}},"line":50}},"branchMap":{},"s":{"0":4,"1":4,"2":4,"3":4,"4":4,"5":4,"6":0},"f":{"0":0},"b":{},"inputSourceMap":null,"_coverageSchema":"1a1c01bbd47fc00a2c39e90264f33305004495a9","hash":"325c3b2e8584125957caa99ee9275835abc078cf"}
,"C:\\Users\\Usuario\\Documents\\Programación Web II\\Segunda Convocatoria\\Practicas\\Practica_Final\\PRG_WEB_FINAL\\src\\validators\\user.validator.js": {"path":"C:\\Users\\Usuario\\Documents\\Programación Web II\\Segunda Convocatoria\\Practicas\\Practica_Final\\PRG_WEB_FINAL\\src\\validators\\user.validator.js","statementMap":{"0":{"start":{"line":4,"column":30},"end":{"line":14,"column":2}},"1":{"start":{"line":9,"column":24},"end":{"line":9,"column":46}},"2":{"start":{"line":17,"column":27},"end":{"line":27,"column":2}},"3":{"start":{"line":22,"column":24},"end":{"line":22,"column":46}},"4":{"start":{"line":30,"column":35},"end":{"line":37,"column":2}},"5":{"start":{"line":40,"column":34},"end":{"line":55,"column":2}},"6":{"start":{"line":58,"column":33},"end":{"line":83,"column":2}},"7":{"start":{"line":75,"column":8},"end":{"line":75,"column":42}},"8":{"start":{"line":75,"column":30},"end":{"line":75,"column":42}},"9":{"start":{"line":76,"column":8},"end":{"line":76,"column":62}},"10":{"start":{"line":86,"column":36},"end":{"line":100,"column":2}},"11":{"start":{"line":96,"column":22},"end":{"line":96,"column":63}},"12":{"start":{"line":103,"column":32},"end":{"line":112,"column":2}},"13":{"start":{"line":108,"column":24},"end":{"line":108,"column":46}},"14":{"start":{"line":114,"column":32},"end":{"line":129,"column":2}},"15":{"start":{"line":131,"column":34},"end":{"line":135,"column":2}}},"fnMap":{"0":{"name":"(anonymous_0)","decl":{"start":{"line":9,"column":17},"end":{"line":9,"column":18}},"loc":{"start":{"line":9,"column":24},"end":{"line":9,"column":46}},"line":9},"1":{"name":"(anonymous_1)","decl":{"start":{"line":22,"column":17},"end":{"line":22,"column":18}},"loc":{"start":{"line":22,"column":24},"end":{"line":22,"column":46}},"line":22},"2":{"name":"(anonymous_2)","decl":{"start":{"line":74,"column":6},"end":{"line":74,"column":7}},"loc":{"start":{"line":74,"column":16},"end":{"line":77,"column":7}},"line":74},"3":{"name":"(anonymous_3)","decl":{"start":{"line":96,"column":12},"end":{"line":96,"column":13}},"loc":{"start":{"line":96,"column":22},"end":{"line":96,"column":63}},"line":96},"4":{"name":"(anonymous_4)","decl":{"start":{"line":108,"column":17},"end":{"line":108,"column":18}},"loc":{"start":{"line":108,"column":24},"end":{"line":108,"column":46}},"line":108}},"branchMap":{"0":{"loc":{"start":{"line":75,"column":8},"end":{"line":75,"column":42}},"type":"if","locations":[{"start":{"line":75,"column":8},"end":{"line":75,"column":42}},{"start":{},"end":{}}],"line":75},"1":{"loc":{"start":{"line":76,"column":23},"end":{"line":76,"column":60}},"type":"binary-expr","locations":[{"start":{"line":76,"column":23},"end":{"line":76,"column":32}},{"start":{"line":76,"column":36},"end":{"line":76,"column":44}},{"start":{"line":76,"column":48},"end":{"line":76,"column":60}}],"line":76}},"s":{"0":4,"1":3,"2":4,"3":2,"4":4,"5":4,"6":4,"7":0,"8":0,"9":0,"10":4,"11":0,"12":4,"13":0,"14":4,"15":4},"f":{"0":3,"1":2,"2":0,"3":0,"4":0},"b":{"0":[0,0],"1":[0,0,0]},"inputSourceMap":null,"_coverageSchema":"1a1c01bbd47fc00a2c39e90264f33305004495a9","hash":"af26f6d4f58e4a1f183314feeca88ec3c1b3daa7"}
}
