TN:
SF:src\app.js
FN:24,(anonymous_0)
FN:28,(anonymous_1)
FNF:2
FNH:0
FNDA:0,(anonymous_0)
FNDA:0,(anonymous_1)
DA:11,4
DA:13,4
DA:14,4
DA:16,4
DA:17,4
DA:19,4
DA:21,4
DA:22,4
DA:24,4
DA:25,0
DA:28,4
DA:29,0
DA:37,4
DA:39,4
DA:40,4
LF:15
LH:13
BRDA:31,0,0,0
BRDA:31,0,1,0
BRF:2
BRH:0
end_of_record
TN:
SF:src\config\database.js
FN:3,(anonymous_0)
FNF:1
FNH:0
FNDA:0,(anonymous_0)
DA:3,0
DA:4,0
DA:6,0
DA:7,0
DA:10,0
DA:12,0
LF:6
LH:0
BRDA:4,0,0,0
BRDA:4,0,1,0
BRDA:4,0,2,0
BRDA:6,1,0,0
BRDA:6,1,1,0
BRF:5
BRH:0
end_of_record
TN:
SF:src\config\index.js
FN:25,(anonymous_0)
FN:27,(anonymous_1)
FNF:2
FNH:0
FNDA:0,(anonymous_0)
FNDA:0,(anonymous_1)
DA:1,4
DA:25,4
DA:26,0
DA:27,0
DA:29,0
DA:30,0
LF:6
LH:2
BRDA:2,0,0,4
BRDA:2,0,1,0
BRDA:3,1,0,4
BRDA:3,1,1,4
BRDA:4,2,0,4
BRDA:4,2,1,4
BRDA:4,2,2,4
BRDA:7,3,0,4
BRDA:7,3,1,0
BRDA:8,4,0,4
BRDA:8,4,1,0
BRDA:9,5,0,4
BRDA:9,5,1,4
BRDA:17,6,0,4
BRDA:17,6,1,4
BRDA:20,7,0,4
BRDA:20,7,1,4
BRDA:29,8,0,0
BRDA:29,8,1,0
BRF:19
BRH:14
end_of_record
TN:
SF:src\controllers\client.controller.js
FN:6,(anonymous_0)
FN:12,(anonymous_1)
FN:26,(anonymous_2)
FN:58,(anonymous_3)
FN:90,(anonymous_4)
FN:122,(anonymous_5)
FN:131,(anonymous_6)
FN:156,(anonymous_7)
FN:165,(anonymous_8)
FNF:9
FNH:8
FNDA:3,(anonymous_0)
FNDA:3,(anonymous_1)
FNDA:8,(anonymous_2)
FNDA:0,(anonymous_3)
FNDA:1,(anonymous_4)
FNDA:1,(anonymous_5)
FNDA:1,(anonymous_6)
FNDA:1,(anonymous_7)
FNDA:1,(anonymous_8)
DA:6,4
DA:7,3
DA:8,0
DA:12,4
DA:13,3
DA:15,3
DA:16,3
DA:18,3
DA:19,3
DA:20,1
DA:23,2
DA:26,4
DA:27,8
DA:28,8
DA:29,8
DA:31,8
DA:32,0
DA:35,8
DA:36,8
DA:37,1
DA:40,7
DA:50,7
DA:52,7
DA:54,0
DA:58,4
DA:59,0
DA:60,0
DA:61,0
DA:62,0
DA:64,0
DA:65,0
DA:66,0
DA:69,0
DA:70,0
DA:71,0
DA:72,0
DA:76,0
DA:77,0
DA:78,0
DA:79,0
DA:80,0
DA:82,0
DA:84,0
DA:86,0
DA:90,4
DA:91,1
DA:92,1
DA:93,1
DA:95,1
DA:96,1
DA:98,1
DA:100,1
DA:105,1
DA:118,0
DA:122,4
DA:123,1
DA:124,1
DA:125,0
DA:127,1
DA:131,4
DA:132,1
DA:133,1
DA:134,1
DA:135,1
DA:137,1
DA:139,1
DA:140,1
DA:141,1
DA:142,1
DA:149,0
DA:150,0
DA:152,0
DA:156,4
DA:157,1
DA:158,1
DA:159,1
DA:161,0
DA:165,4
DA:166,1
DA:167,1
DA:169,1
DA:170,0
DA:173,1
DA:174,1
DA:176,1
DA:182,0
LF:86
LH:56
BRDA:7,0,0,0
BRDA:7,0,1,3
BRDA:12,1,0,2
BRDA:16,2,0,2
BRDA:16,2,1,1
BRDA:19,3,0,1
BRDA:19,3,1,2
BRDA:31,4,0,0
BRDA:31,4,1,8
BRDA:36,5,0,1
BRDA:36,5,1,7
BRDA:65,6,0,0
BRDA:65,6,1,0
BRDA:69,7,0,0
BRDA:69,7,1,0
BRDA:69,8,0,0
BRDA:69,8,1,0
BRDA:71,9,0,0
BRDA:71,9,1,0
BRDA:76,10,0,0
BRDA:76,10,1,0
BRDA:77,11,0,0
BRDA:77,11,1,0
BRDA:78,12,0,0
BRDA:78,12,1,0
BRDA:79,13,0,0
BRDA:79,13,1,0
BRDA:80,14,0,0
BRDA:80,14,1,0
BRDA:93,15,0,0
BRDA:93,16,0,0
BRDA:93,17,0,1
BRDA:96,18,0,0
BRDA:96,18,1,1
BRDA:139,19,0,1
BRDA:139,19,1,0
BRDA:169,20,0,0
BRDA:169,20,1,1
BRF:38
BRH:13
end_of_record
TN:
SF:src\controllers\deliverynote.controller.js
FN:18,(anonymous_0)
FN:24,(anonymous_1)
FN:35,(anonymous_2)
FN:85,(anonymous_3)
FN:129,(anonymous_4)
FN:138,(anonymous_5)
FN:150,(anonymous_6)
FN:167,(anonymous_7)
FN:208,(anonymous_8)
FNF:9
FNH:6
FNDA:2,(anonymous_0)
FNDA:2,(anonymous_1)
FNDA:6,(anonymous_2)
FNDA:1,(anonymous_3)
FNDA:0,(anonymous_4)
FNDA:0,(anonymous_5)
FNDA:1,(anonymous_6)
FNDA:0,(anonymous_7)
FNDA:1,(anonymous_8)
DA:11,4
DA:18,4
DA:19,2
DA:20,0
DA:24,4
DA:25,2
DA:26,2
DA:27,2
DA:29,2
DA:30,2
DA:32,2
DA:35,4
DA:36,6
DA:37,6
DA:49,6
DA:51,6
DA:56,6
DA:57,5
DA:58,5
DA:59,0
DA:62,5
DA:77,5
DA:79,5
DA:81,0
DA:85,4
DA:86,1
DA:87,1
DA:88,1
DA:90,1
DA:91,1
DA:92,1
DA:93,1
DA:94,1
DA:95,1
DA:96,0
DA:97,0
DA:98,0
DA:101,1
DA:103,1
DA:112,1
DA:125,0
DA:129,4
DA:130,0
DA:131,0
DA:132,0
DA:134,0
DA:138,4
DA:139,0
DA:140,0
DA:144,0
DA:146,0
DA:150,4
DA:151,1
DA:152,1
DA:154,1
DA:155,0
DA:158,1
DA:159,1
DA:160,1
DA:161,1
DA:163,0
DA:167,4
DA:168,0
DA:169,0
DA:171,0
DA:172,0
DA:175,0
DA:176,0
DA:179,0
DA:184,0
DA:189,0
DA:191,0
DA:192,0
DA:193,0
DA:195,0
DA:196,0
DA:198,0
DA:200,0
DA:202,0
DA:204,0
DA:208,4
DA:209,1
DA:210,1
DA:212,1
DA:213,1
DA:216,0
DA:218,0
DA:220,0
LF:88
LH:50
BRDA:19,0,0,0
BRDA:19,0,1,2
BRDA:24,1,0,2
BRDA:24,2,0,2
BRDA:27,3,0,2
BRDA:27,3,1,0
BRDA:30,4,0,0
BRDA:30,4,1,2
BRDA:56,5,0,1
BRDA:56,5,1,5
BRDA:57,6,0,0
BRDA:57,6,1,5
BRDA:58,7,0,0
BRDA:58,7,1,5
BRDA:70,8,0,2
BRDA:70,8,1,3
BRDA:71,9,0,2
BRDA:71,9,1,3
BRDA:72,10,0,2
BRDA:72,10,1,3
BRDA:73,11,0,3
BRDA:73,11,1,2
BRDA:74,12,0,3
BRDA:74,12,1,2
BRDA:88,13,0,1
BRDA:88,14,0,1
BRDA:88,15,0,1
BRDA:91,16,0,0
BRDA:91,16,1,1
BRDA:92,17,0,0
BRDA:92,17,1,1
BRDA:93,18,0,1
BRDA:93,18,1,0
BRDA:94,19,0,1
BRDA:94,19,1,0
BRDA:95,20,0,0
BRDA:95,20,1,1
BRDA:95,21,0,1
BRDA:95,21,1,1
BRDA:97,22,0,0
BRDA:97,22,1,0
BRDA:98,23,0,0
BRDA:98,23,1,0
BRDA:154,24,0,0
BRDA:154,24,1,1
BRDA:154,25,0,1
BRDA:154,25,1,0
BRDA:171,26,0,0
BRDA:171,26,1,0
BRDA:175,27,0,0
BRDA:175,27,1,0
BRDA:212,28,0,1
BRDA:212,28,1,0
BRF:53
BRH:32
end_of_record
TN:
SF:src\controllers\project.controller.js
FN:7,(anonymous_0)
FN:13,(anonymous_1)
FN:28,(anonymous_2)
FN:68,(anonymous_3)
FN:109,(anonymous_4)
FN:147,(anonymous_5)
FN:156,(anonymous_6)
FN:181,(anonymous_7)
FN:193,(anonymous_8)
FNF:9
FNH:6
FNDA:2,(anonymous_0)
FNDA:2,(anonymous_1)
FNDA:7,(anonymous_2)
FNDA:0,(anonymous_3)
FNDA:1,(anonymous_4)
FNDA:0,(anonymous_5)
FNDA:1,(anonymous_6)
FNDA:0,(anonymous_7)
FNDA:1,(anonymous_8)
DA:7,4
DA:8,2
DA:9,0
DA:13,4
DA:14,2
DA:16,2
DA:17,2
DA:19,2
DA:21,2
DA:22,0
DA:25,2
DA:28,4
DA:29,7
DA:30,7
DA:31,7
DA:33,7
DA:34,0
DA:37,7
DA:38,7
DA:39,1
DA:42,6
DA:43,6
DA:44,1
DA:47,5
DA:60,5
DA:62,5
DA:64,0
DA:68,4
DA:69,0
DA:70,0
DA:71,0
DA:72,0
DA:74,0
DA:75,0
DA:76,0
DA:79,0
DA:80,0
DA:81,0
DA:82,0
DA:86,0
DA:87,0
DA:88,0
DA:89,0
DA:91,0
DA:94,0
DA:95,0
DA:96,0
DA:97,0
DA:98,0
DA:99,0
DA:101,0
DA:103,0
DA:105,0
DA:109,4
DA:110,1
DA:111,1
DA:112,1
DA:114,1
DA:115,1
DA:116,1
DA:117,1
DA:119,1
DA:121,1
DA:130,1
DA:143,0
DA:147,4
DA:148,0
DA:149,0
DA:150,0
DA:152,0
DA:156,4
DA:157,1
DA:158,1
DA:159,1
DA:160,1
DA:162,1
DA:164,1
DA:165,1
DA:166,1
DA:167,1
DA:174,0
DA:175,0
DA:177,0
DA:181,4
DA:182,0
DA:183,0
DA:187,0
DA:189,0
DA:193,4
DA:194,1
DA:195,1
DA:197,1
DA:198,0
DA:201,1
DA:202,1
DA:204,1
DA:210,0
LF:97
LH:54
BRDA:8,0,0,0
BRDA:8,0,1,2
BRDA:13,1,0,1
BRDA:13,2,0,1
BRDA:17,3,0,1
BRDA:17,3,1,1
BRDA:21,4,0,0
BRDA:21,4,1,2
BRDA:33,5,0,0
BRDA:33,5,1,7
BRDA:38,6,0,1
BRDA:38,6,1,6
BRDA:43,7,0,1
BRDA:43,7,1,5
BRDA:56,8,0,5
BRDA:56,8,1,5
BRDA:75,9,0,0
BRDA:75,9,1,0
BRDA:79,10,0,0
BRDA:79,10,1,0
BRDA:79,11,0,0
BRDA:79,11,1,0
BRDA:81,12,0,0
BRDA:81,12,1,0
BRDA:86,13,0,0
BRDA:86,13,1,0
BRDA:86,14,0,0
BRDA:86,14,1,0
BRDA:88,15,0,0
BRDA:88,15,1,0
BRDA:94,16,0,0
BRDA:94,16,1,0
BRDA:95,17,0,0
BRDA:95,17,1,0
BRDA:96,18,0,0
BRDA:96,18,1,0
BRDA:97,19,0,0
BRDA:97,19,1,0
BRDA:98,20,0,0
BRDA:98,20,1,0
BRDA:99,21,0,0
BRDA:99,21,1,0
BRDA:112,22,0,1
BRDA:112,23,0,1
BRDA:112,24,0,1
BRDA:115,25,0,1
BRDA:115,25,1,0
BRDA:116,26,0,0
BRDA:116,26,1,1
BRDA:117,27,0,0
BRDA:117,27,1,1
BRDA:164,28,0,1
BRDA:164,28,1,0
BRDA:197,29,0,0
BRDA:197,29,1,1
BRF:55
BRH:21
end_of_record
TN:
SF:src\controllers\user.controller.js
FN:9,(anonymous_0)
FN:13,(anonymous_1)
FN:21,(anonymous_2)
FN:29,(anonymous_3)
FN:74,(anonymous_4)
FN:114,(anonymous_5)
FN:163,(anonymous_6)
FN:188,(anonymous_7)
FN:243,(anonymous_8)
FN:268,(anonymous_9)
FN:286,(anonymous_10)
FN:304,(anonymous_11)
FN:335,(anonymous_12)
FN:358,(anonymous_13)
FN:419,(anonymous_14)
FNF:15
FNH:6
FNDA:1,(anonymous_0)
FNDA:2,(anonymous_1)
FNDA:2,(anonymous_2)
FNDA:2,(anonymous_3)
FNDA:0,(anonymous_4)
FNDA:2,(anonymous_5)
FNDA:0,(anonymous_6)
FNDA:0,(anonymous_7)
FNDA:0,(anonymous_8)
FNDA:0,(anonymous_9)
FNDA:1,(anonymous_10)
FNDA:0,(anonymous_11)
FNDA:0,(anonymous_12)
FNDA:0,(anonymous_13)
FNDA:0,(anonymous_14)
DA:9,4
DA:10,1
DA:13,4
DA:14,2
DA:21,4
DA:22,2
DA:29,4
DA:30,2
DA:31,2
DA:32,2
DA:33,2
DA:34,1
DA:36,1
DA:37,0
DA:39,1
DA:40,1
DA:41,1
DA:49,1
DA:50,1
DA:52,1
DA:53,1
DA:55,1
DA:56,1
DA:70,0
DA:74,4
DA:75,0
DA:76,0
DA:77,0
DA:78,0
DA:79,0
DA:81,0
DA:82,0
DA:85,0
DA:86,0
DA:87,0
DA:89,0
DA:90,0
DA:93,0
DA:96,0
DA:97,0
DA:98,0
DA:100,0
DA:105,0
DA:110,0
DA:114,4
DA:115,2
DA:116,2
DA:118,2
DA:119,2
DA:120,0
DA:123,2
DA:124,2
DA:125,1
DA:128,1
DA:129,1
DA:131,1
DA:132,1
DA:134,1
DA:140,1
DA:141,1
DA:142,1
DA:144,1
DA:158,0
DA:163,4
DA:164,0
DA:165,0
DA:166,0
DA:172,0
DA:173,0
DA:176,0
DA:178,0
DA:184,0
DA:188,4
DA:189,0
DA:190,0
DA:192,0
DA:193,0
DA:194,0
DA:197,0
DA:198,0
DA:199,0
DA:201,0
DA:202,0
DA:204,0
DA:205,0
DA:213,0
DA:214,0
DA:216,0
DA:219,0
DA:220,0
DA:222,0
DA:226,0
DA:231,0
DA:239,0
DA:243,4
DA:244,0
DA:245,0
DA:246,0
DA:247,0
DA:249,0
DA:250,0
DA:251,0
DA:252,0
DA:254,0
DA:255,0
DA:256,0
DA:257,0
DA:258,0
DA:262,0
DA:264,0
DA:268,4
DA:269,0
DA:270,0
DA:271,0
DA:272,0
DA:274,0
DA:275,0
DA:276,0
DA:277,0
DA:282,0
DA:286,4
DA:287,1
DA:288,1
DA:289,1
DA:290,0
DA:292,1
DA:300,0
DA:304,4
DA:305,0
DA:306,0
DA:307,0
DA:308,0
DA:311,0
DA:313,0
DA:315,0
DA:316,0
DA:319,0
DA:322,0
DA:324,0
DA:331,0
DA:335,4
DA:336,0
DA:337,0
DA:338,0
DA:339,0
DA:340,0
DA:342,0
DA:343,0
DA:344,0
DA:346,0
DA:347,0
DA:348,0
DA:349,0
DA:354,0
DA:358,4
DA:359,0
DA:360,0
DA:363,0
DA:364,0
DA:368,0
DA:369,0
DA:372,0
DA:373,0
DA:374,0
DA:378,0
DA:379,0
DA:380,0
DA:382,0
DA:394,0
DA:401,0
DA:415,0
DA:419,4
DA:420,0
DA:421,0
DA:422,0
DA:423,0
DA:425,0
DA:426,0
DA:428,0
DA:429,0
DA:430,0
DA:432,0
DA:434,0
DA:435,0
DA:436,0
DA:437,0
DA:445,0
LF:187
LH:53
BRDA:15,0,0,2
BRDA:15,0,1,1
BRDA:33,1,0,1
BRDA:33,1,1,1
BRDA:33,2,0,2
BRDA:33,2,1,1
BRDA:36,3,0,0
BRDA:36,3,1,1
BRDA:36,4,0,1
BRDA:36,4,1,0
BRDA:78,5,0,0
BRDA:78,5,1,0
BRDA:81,6,0,0
BRDA:81,6,1,0
BRDA:85,7,0,0
BRDA:85,7,1,0
BRDA:89,8,0,0
BRDA:89,8,1,0
BRDA:119,9,0,0
BRDA:119,9,1,2
BRDA:124,10,0,1
BRDA:124,10,1,1
BRDA:168,11,0,0
BRDA:168,11,1,0
BRDA:172,12,0,0
BRDA:172,12,1,0
BRDA:193,13,0,0
BRDA:193,13,1,0
BRDA:197,14,0,0
BRDA:197,14,1,0
BRDA:198,15,0,0
BRDA:198,15,1,0
BRDA:199,16,0,0
BRDA:199,16,1,0
BRDA:204,17,0,0
BRDA:204,17,1,0
BRDA:210,18,0,0
BRDA:210,18,1,0
BRDA:233,19,0,0
BRDA:233,19,1,0
BRDA:246,20,0,0
BRDA:246,20,1,0
BRDA:251,21,0,0
BRDA:251,21,1,0
BRDA:251,22,0,0
BRDA:251,22,1,0
BRDA:271,23,0,0
BRDA:271,23,1,0
BRDA:289,24,0,0
BRDA:289,24,1,1
BRDA:307,25,0,0
BRDA:307,25,1,0
BRDA:313,26,0,0
BRDA:313,26,1,0
BRDA:326,27,0,0
BRDA:326,27,1,0
BRDA:339,28,0,0
BRDA:339,28,1,0
BRDA:343,29,0,0
BRDA:343,29,1,0
BRDA:363,30,0,0
BRDA:363,30,1,0
BRDA:368,31,0,0
BRDA:368,31,1,0
BRDA:373,32,0,0
BRDA:373,32,1,0
BRDA:384,33,0,0
BRDA:384,33,1,0
BRDA:385,34,0,0
BRDA:385,34,1,0
BRDA:422,35,0,0
BRDA:422,35,1,0
BRDA:425,36,0,0
BRDA:425,36,1,0
BRDA:429,37,0,0
BRDA:429,37,1,0
BRF:76
BRH:12
end_of_record
TN:
SF:src\middleware\auth.middleware.js
FN:6,(anonymous_0)
FNF:1
FNH:1
FNDA:36,(anonymous_0)
DA:6,4
DA:7,36
DA:8,36
DA:9,36
DA:10,1
DA:12,35
DA:13,35
DA:14,0
DA:17,35
DA:19,34
DA:20,34
DA:21,0
DA:23,34
DA:24,34
DA:26,1
DA:27,1
DA:29,0
LF:17
LH:14
BRDA:9,0,0,1
BRDA:9,0,1,35
BRDA:13,1,0,0
BRDA:13,1,1,35
BRDA:20,2,0,0
BRDA:20,2,1,34
BRDA:26,3,0,1
BRDA:26,3,1,0
BRDA:26,4,0,1
BRDA:26,4,1,0
BRF:10
BRH:6
end_of_record
TN:
SF:src\middleware\error-handler.js
FN:4,(anonymous_0)
FN:8,(anonymous_1)
FN:21,(anonymous_2)
FNF:3
FNH:1
FNDA:0,(anonymous_0)
FNDA:12,(anonymous_1)
FNDA:0,(anonymous_2)
DA:4,4
DA:5,0
DA:8,4
DA:9,12
DA:11,12
DA:12,0
DA:15,12
DA:16,0
DA:17,0
DA:20,12
DA:21,0
DA:25,0
DA:28,12
DA:30,0
DA:33,0
DA:36,12
DA:38,12
DA:39,0
DA:40,0
DA:43,12
LF:20
LH:10
BRDA:11,0,0,0
BRDA:11,0,1,12
BRDA:15,1,0,0
BRDA:15,1,1,12
BRDA:16,2,0,0
BRDA:16,2,1,0
BRDA:16,3,0,0
BRDA:16,3,1,0
BRDA:20,4,0,0
BRDA:20,4,1,12
BRDA:20,5,0,12
BRDA:20,5,1,0
BRDA:28,6,0,0
BRDA:28,6,1,12
BRDA:30,7,0,0
BRDA:30,7,1,0
BRDA:36,8,0,12
BRDA:36,8,1,0
BRDA:38,9,0,0
BRDA:38,9,1,12
BRDA:45,10,0,0
BRDA:45,10,1,12
BRDA:46,11,0,12
BRDA:46,11,1,2
BRDA:46,11,2,2
BRF:25
BRH:11
end_of_record
TN:
SF:src\middleware\rate-limit.js
FNF:0
FNH:0
DA:3,4
LF:1
LH:1
BRF:0
BRH:0
end_of_record
TN:
SF:src\middleware\role.middleware.js
FN:3,(anonymous_0)
FN:3,(anonymous_1)
FNF:2
FNH:1
FNDA:4,(anonymous_0)
FNDA:0,(anonymous_1)
DA:3,4
DA:4,0
DA:5,0
DA:6,0
DA:7,0
DA:8,0
DA:9,0
DA:11,0
DA:13,0
LF:9
LH:1
BRDA:8,0,0,0
BRDA:8,0,1,0
BRF:2
BRH:0
end_of_record
TN:
SF:src\middleware\sanitize.js
FN:1,(anonymous_0)
FN:4,(anonymous_1)
FN:23,(anonymous_2)
FNF:3
FNH:3
FNDA:221,(anonymous_0)
FNDA:222,(anonymous_1)
FNDA:41,(anonymous_2)
DA:1,4
DA:2,221
DA:4,4
DA:5,222
DA:6,1
DA:7,1
DA:10,221
DA:11,111
DA:12,97
DA:13,0
DA:14,0
DA:16,97
DA:20,221
DA:23,4
DA:24,41
DA:25,41
DA:26,41
DA:27,41
LF:18
LH:16
BRDA:5,0,0,1
BRDA:5,0,1,221
BRDA:10,1,0,111
BRDA:10,1,1,110
BRDA:12,2,0,0
BRDA:12,2,1,97
BRDA:12,3,0,97
BRDA:12,3,1,97
BRF:8
BRH:7
end_of_record
TN:
SF:src\middleware\upload.js
FN:11,(anonymous_0)
FN:14,(anonymous_1)
FN:21,(anonymous_2)
FN:43,(anonymous_3)
FNF:4
FNH:0
FNDA:0,(anonymous_0)
FNDA:0,(anonymous_1)
FNDA:0,(anonymous_2)
FNDA:0,(anonymous_3)
DA:6,4
DA:7,4
DA:10,4
DA:12,0
DA:15,0
DA:16,0
DA:17,0
DA:21,4
DA:22,0
DA:23,0
DA:24,0
DA:26,0
DA:30,4
DA:41,4
DA:43,4
DA:44,0
DA:45,0
DA:47,0
DA:51,4
DA:58,4
LF:20
LH:9
BRDA:23,0,0,0
BRDA:23,0,1,0
BRDA:44,1,0,0
BRDA:44,1,1,0
BRF:4
BRH:0
end_of_record
TN:
SF:src\middleware\validate.js
FN:4,(anonymous_0)
FN:4,(anonymous_1)
FN:28,(anonymous_2)
FNF:3
FNH:3
FNDA:104,(anonymous_0)
FNDA:37,(anonymous_1)
FNDA:2,(anonymous_2)
DA:4,104
DA:5,37
DA:6,37
DA:12,35
DA:13,25
DA:16,35
DA:17,7
DA:20,35
DA:22,35
DA:24,2
DA:25,2
DA:28,2
DA:36,0
LF:13
LH:12
BRDA:12,0,0,25
BRDA:12,0,1,10
BRDA:16,1,0,7
BRDA:16,1,1,28
BRDA:24,2,0,2
BRDA:24,2,1,0
BRF:6
BRH:5
end_of_record
TN:
SF:src\models\Client.js
FNF:0
FNH:0
DA:3,4
DA:53,4
DA:54,4
DA:55,4
DA:57,4
LF:5
LH:5
BRF:0
BRH:0
end_of_record
TN:
SF:src\models\Company.js
FNF:0
FNH:0
DA:3,4
DA:33,4
LF:2
LH:2
BRF:0
BRH:0
end_of_record
TN:
SF:src\models\DeliveryNote.js
FNF:0
FNH:0
DA:3,4
DA:17,4
DA:96,4
DA:97,4
DA:98,4
DA:99,4
DA:100,4
DA:101,4
DA:103,4
LF:9
LH:9
BRF:0
BRH:0
end_of_record
TN:
SF:src\models\Project.js
FNF:0
FNH:0
DA:3,4
DA:61,4
DA:62,4
DA:63,4
DA:64,4
DA:66,4
LF:6
LH:6
BRF:0
BRH:0
end_of_record
TN:
SF:src\models\User.js
FN:57,(anonymous_0)
FN:61,(anonymous_1)
FNF:2
FNH:2
FNDA:3,(anonymous_0)
FNDA:42,(anonymous_1)
DA:3,4
DA:52,4
DA:53,4
DA:54,4
DA:57,4
DA:58,3
DA:61,4
DA:62,42
DA:63,42
DA:66,4
LF:10
LH:10
BRDA:58,0,0,3
BRDA:58,0,1,0
BRDA:58,1,0,3
BRDA:58,1,1,0
BRF:4
BRH:2
end_of_record
TN:
SF:src\routes\client.routes.js
FNF:0
FNH:0
DA:12,4
DA:45,4
DA:46,4
DA:58,4
DA:88,4
DA:89,4
DA:90,4
DA:103,4
LF:8
LH:8
BRF:0
BRH:0
end_of_record
TN:
SF:src\routes\deliverynote.routes.js
FNF:0
FNH:0
DA:12,4
DA:50,4
DA:51,4
DA:63,4
DA:77,4
DA:90,4
DA:116,4
DA:117,4
LF:8
LH:8
BRF:0
BRH:0
end_of_record
TN:
SF:src\routes\index.js
FNF:0
FNH:0
DA:7,4
DA:9,4
DA:10,4
DA:11,4
DA:12,4
LF:5
LH:5
BRF:0
BRH:0
end_of_record
TN:
SF:src\routes\project.routes.js
FNF:0
FNH:0
DA:12,4
DA:51,4
DA:52,4
DA:64,4
DA:94,4
DA:95,4
DA:96,4
DA:109,4
LF:8
LH:8
BRF:0
BRH:0
end_of_record
TN:
SF:src\routes\user.routes.js
FNF:0
FNH:0
DA:32,4
DA:34,4
DA:61,4
DA:62,4
DA:75,4
DA:88,4
DA:101,4
DA:113,4
DA:132,4
DA:133,4
DA:145,4
DA:157,4
DA:170,4
DA:189,4
LF:14
LH:14
BRF:0
BRH:0
end_of_record
TN:
SF:src\services\logger.service.js
FN:3,(anonymous_0)
FN:16,(anonymous_1)
FNF:2
FNH:0
FNDA:0,(anonymous_0)
FNDA:0,(anonymous_1)
DA:3,4
DA:4,0
DA:13,0
DA:16,4
DA:17,0
DA:18,0
DA:21,0
DA:22,0
DA:28,0
DA:29,0
DA:32,0
LF:11
LH:2
BRDA:17,0,0,0
BRDA:17,0,1,0
BRDA:28,1,0,0
BRDA:28,1,1,0
BRF:4
BRH:0
end_of_record
TN:
SF:src\services\mail.service.js
FN:3,(anonymous_0)
FN:21,(anonymous_1)
FN:39,(anonymous_2)
FN:46,(anonymous_3)
FNF:4
FNH:0
FNDA:0,(anonymous_0)
FNDA:0,(anonymous_1)
FNDA:0,(anonymous_2)
FNDA:0,(anonymous_3)
DA:3,0
DA:4,0
DA:5,0
DA:6,0
DA:7,0
DA:9,0
DA:10,0
DA:11,0
DA:14,0
DA:21,0
DA:22,0
DA:23,0
DA:24,0
DA:25,0
DA:27,0
DA:28,0
DA:35,0
DA:39,0
DA:40,0
DA:41,0
DA:42,0
DA:43,0
DA:46,0
DA:47,0
DA:48,0
DA:49,0
LF:26
LH:0
BRDA:5,0,0,0
BRDA:5,0,1,0
BRDA:9,1,0,0
BRDA:9,1,1,0
BRDA:9,2,0,0
BRDA:9,2,1,0
BRDA:9,2,2,0
BRDA:23,3,0,0
BRDA:23,3,1,0
BRDA:29,4,0,0
BRDA:29,4,1,0
BRF:11
BRH:0
end_of_record
TN:
SF:src\services\notification.service.js
FN:7,(anonymous_0)
FN:11,(anonymous_1)
FN:15,(anonymous_2)
FN:19,(anonymous_3)
FN:23,(anonymous_4)
FN:27,(anonymous_5)
FN:31,(anonymous_6)
FNF:7
FNH:2
FNDA:1,(anonymous_0)
FNDA:1,(anonymous_1)
FNDA:0,(anonymous_2)
FNDA:0,(anonymous_3)
FNDA:0,(anonymous_4)
FNDA:0,(anonymous_5)
FNDA:0,(anonymous_6)
DA:5,4
DA:7,4
DA:8,1
DA:11,4
DA:12,1
DA:15,4
DA:16,0
DA:19,4
DA:20,0
DA:23,4
DA:24,0
DA:27,4
DA:28,0
DA:31,4
DA:32,0
LF:15
LH:10
BRF:0
BRH:0
end_of_record
TN:
SF:src\services\pdf.service.js
FN:12,(anonymous_0)
FN:16,(anonymous_1)
FN:21,(anonymous_2)
FN:22,(anonymous_3)
FN:26,(anonymous_4)
FN:27,(anonymous_5)
FN:107,(anonymous_6)
FN:159,(anonymous_7)
FNF:8
FNH:6
FNDA:4,(anonymous_0)
FNDA:8,(anonymous_1)
FNDA:1,(anonymous_2)
FNDA:1,(anonymous_3)
FNDA:61,(anonymous_4)
FNDA:1,(anonymous_5)
FNDA:0,(anonymous_6)
FNDA:0,(anonymous_7)
DA:4,4
DA:12,4
DA:13,4
DA:16,4
DA:17,8
DA:18,8
DA:21,4
DA:22,1
DA:23,1
DA:24,1
DA:26,61
DA:27,1
DA:28,1
DA:43,1
DA:45,1
DA:46,1
DA:47,1
DA:48,1
DA:53,1
DA:54,1
DA:55,1
DA:56,1
DA:57,0
DA:61,1
DA:63,1
DA:64,1
DA:65,1
DA:67,1
DA:68,1
DA:69,1
DA:70,1
DA:72,1
DA:73,1
DA:80,1
DA:82,1
DA:83,1
DA:85,1
DA:86,1
DA:88,1
DA:89,0
DA:90,0
DA:91,0
DA:94,1
DA:95,0
DA:96,0
DA:97,0
DA:99,0
DA:100,0
DA:101,0
DA:103,0
DA:104,0
DA:105,0
DA:107,0
DA:108,0
DA:109,0
DA:114,0
DA:117,0
DA:118,0
DA:119,0
DA:122,1
DA:123,1
DA:124,1
DA:125,1
DA:128,1
DA:129,1
DA:130,1
DA:131,1
DA:133,1
DA:134,0
DA:135,0
DA:136,0
DA:138,0
DA:139,0
DA:142,1
DA:143,1
DA:144,1
DA:147,1
DA:148,1
DA:156,1
DA:159,4
DA:160,0
DA:161,0
DA:162,0
LF:83
LH:55
BRDA:12,0,0,4
BRDA:18,1,0,8
BRDA:18,1,1,0
BRDA:53,2,0,1
BRDA:53,2,1,0
BRDA:54,3,0,1
BRDA:54,3,1,0
BRDA:55,4,0,1
BRDA:55,4,1,0
BRDA:56,5,0,0
BRDA:56,5,1,1
BRDA:67,6,0,1
BRDA:67,6,1,0
BRDA:68,7,0,1
BRDA:68,7,1,0
BRDA:69,8,0,1
BRDA:69,8,1,0
BRDA:72,9,0,1
BRDA:72,9,1,0
BRDA:76,10,0,1
BRDA:76,10,1,0
BRDA:76,11,0,1
BRDA:76,11,1,0
BRDA:76,12,0,1
BRDA:76,12,1,0
BRDA:88,13,0,0
BRDA:88,13,1,1
BRDA:91,14,0,0
BRDA:91,14,1,0
BRDA:94,15,0,0
BRDA:94,15,1,1
BRDA:96,16,0,0
BRDA:96,16,1,0
BRDA:99,17,0,0
BRDA:99,17,1,0
BRDA:99,18,0,0
BRDA:99,18,1,0
BRDA:108,19,0,0
BRDA:108,19,1,0
BRDA:112,20,0,0
BRDA:112,20,1,0
BRDA:113,21,0,0
BRDA:113,21,1,0
BRDA:118,22,0,0
BRDA:118,22,1,0
BRDA:123,23,0,1
BRDA:123,23,1,0
BRDA:124,24,0,1
BRDA:124,24,1,0
BRDA:124,25,0,1
BRDA:124,25,1,0
BRDA:133,26,0,0
BRDA:133,26,1,1
BRF:53
BRH:19
end_of_record
TN:
SF:src\services\storage.service.js
FN:10,(anonymous_0)
FN:11,(anonymous_1)
FN:19,(anonymous_2)
FN:27,(anonymous_3)
FN:32,(anonymous_4)
FN:37,(anonymous_5)
FN:42,(anonymous_6)
FNF:7
FNH:0
FNDA:0,(anonymous_0)
FNDA:0,(anonymous_1)
FNDA:0,(anonymous_2)
FNDA:0,(anonymous_3)
FNDA:0,(anonymous_4)
FNDA:0,(anonymous_5)
FNDA:0,(anonymous_6)
DA:4,4
DA:10,4
DA:11,0
DA:12,0
DA:20,0
DA:21,0
DA:24,0
DA:27,4
DA:28,0
DA:29,0
DA:32,4
DA:33,0
DA:34,0
DA:37,4
DA:38,0
DA:39,0
DA:42,4
DA:43,0
DA:44,0
DA:46,0
LF:20
LH:6
BRDA:10,0,0,0
BRDA:20,1,0,0
BRDA:20,1,1,0
BRDA:42,2,0,0
BRF:4
BRH:0
end_of_record
TN:
SF:src\utils\AppError.js
FN:2,(anonymous_0)
FN:11,(anonymous_1)
FN:15,(anonymous_2)
FN:19,(anonymous_3)
FN:23,(anonymous_4)
FN:27,(anonymous_5)
FN:31,(anonymous_6)
FN:35,(anonymous_7)
FNF:8
FNH:5
FNDA:12,(anonymous_0)
FNDA:5,(anonymous_1)
FNDA:3,(anonymous_2)
FNDA:0,(anonymous_3)
FNDA:1,(anonymous_4)
FNDA:3,(anonymous_5)
FNDA:0,(anonymous_6)
FNDA:0,(anonymous_7)
DA:3,12
DA:4,12
DA:5,12
DA:6,12
DA:7,12
DA:8,12
DA:12,5
DA:16,3
DA:20,0
DA:24,1
DA:28,3
DA:32,0
DA:36,0
LF:13
LH:10
BRDA:2,0,0,0
BRDA:2,1,0,7
BRDA:11,2,0,0
BRDA:11,3,0,3
BRDA:15,4,0,0
BRDA:19,5,0,0
BRDA:23,6,0,0
BRDA:27,7,0,0
BRDA:31,8,0,0
BRDA:35,9,0,0
BRF:10
BRH:2
end_of_record
TN:
SF:src\validators\client.validator.js
FNF:0
FNH:0
DA:3,4
DA:5,4
DA:15,4
DA:25,4
DA:36,4
DA:40,4
LF:6
LH:6
BRF:0
BRH:0
end_of_record
TN:
SF:src\validators\deliverynote.validator.js
FN:30,(anonymous_0)
FN:49,(anonymous_1)
FNF:2
FNH:2
FNDA:40,(anonymous_0)
FNDA:1,(anonymous_1)
DA:3,4
DA:5,4
DA:10,4
DA:23,4
DA:27,4
DA:30,40
DA:36,4
DA:40,4
DA:49,1
LF:9
LH:9
BRF:0
BRH:0
end_of_record
TN:
SF:src\validators\project.validator.js
FN:50,(anonymous_0)
FNF:1
FNH:0
FNDA:0,(anonymous_0)
DA:3,4
DA:11,4
DA:13,4
DA:25,4
DA:38,4
DA:42,4
DA:50,0
LF:7
LH:6
BRF:0
BRH:0
end_of_record
TN:
SF:src\validators\user.validator.js
FN:9,(anonymous_0)
FN:22,(anonymous_1)
FN:74,(anonymous_2)
FN:96,(anonymous_3)
FN:108,(anonymous_4)
FNF:5
FNH:2
FNDA:3,(anonymous_0)
FNDA:2,(anonymous_1)
FNDA:0,(anonymous_2)
FNDA:0,(anonymous_3)
FNDA:0,(anonymous_4)
DA:4,4
DA:9,3
DA:17,4
DA:22,2
DA:30,4
DA:40,4
DA:58,4
DA:75,0
DA:76,0
DA:86,4
DA:96,0
DA:103,4
DA:108,0
DA:114,4
DA:131,4
LF:15
LH:11
BRDA:75,0,0,0
BRDA:75,0,1,0
BRDA:76,1,0,0
BRDA:76,1,1,0
BRDA:76,1,2,0
BRF:5
BRH:0
end_of_record
